Loading plugins phase: Elapsed time ==> 0s.160ms
<CYPRESSTAG name="CyDsfit arguments...">
cydsfit arguments: -.fdsnotice -.fdswarpdepfile=warp_dependencies.txt -.fdselabdepfile=elab_dependencies.txt -.fdsbldfile=generated_files.txt -.fdsreffile=referenced_files.txt -p C:\Users\slavi\Documents\PSoC Creator\Ultrasonic\PPAZ-4.cydsn\PPAZ-4.cyprj -d CY8C5888LTI-LP097 -s C:\Users\slavi\Documents\PSoC Creator\Ultrasonic\PPAZ-4.cydsn\Generated_Source\PSoC5 -- -yv2 -q10 -ygs -o2 -v3 -.fftcfgtype=LE
</CYPRESSTAG>
<CYPRESSTAG name="Design elaboration results...">
</CYPRESSTAG>
Elaboration phase: Elapsed time ==> 1s.432ms
<CYPRESSTAG name="HDL generation results...">
</CYPRESSTAG>
HDL generation phase: Elapsed time ==> 0s.056ms
<CYPRESSTAG name="Synthesis results...">

     | | | | | | |
   _________________
  -|               |-
  -|               |-
  -|               |-
  -|    CYPRESS    |-
  -|               |-
  -|               |-   Warp Verilog Synthesis Compiler: Version 6.3 IR 41
  -|               |-   Copyright (C) 1991-2001 Cypress Semiconductor
   |_______________|
     | | | | | | |

======================================================================
Compiling:  PPAZ-4.v
Program  :   C:\Program Files (x86)\Cypress\PSoC Creator\4.4\PSoC Creator\warp\bin\warp.exe
Options  :    -yv2 -q10 -ygs -o2 -v3 -.fftcfgtype=LE -ya -.fftprj=C:\Users\slavi\Documents\PSoC Creator\Ultrasonic\PPAZ-4.cydsn\PPAZ-4.cyprj -dcpsoc3 PPAZ-4.v -verilog
======================================================================

======================================================================
Compiling:  PPAZ-4.v
Program  :   C:\Program Files (x86)\Cypress\PSoC Creator\4.4\PSoC Creator\warp\bin\warp.exe
Options  :    -yv2 -q10 -ygs -o2 -v3 -.fftcfgtype=LE -ya -.fftprj=C:\Users\slavi\Documents\PSoC Creator\Ultrasonic\PPAZ-4.cydsn\PPAZ-4.cyprj -dcpsoc3 PPAZ-4.v -verilog
======================================================================

======================================================================
Compiling:  PPAZ-4.v
Program  :   vlogfe
Options  :    -yv2 -q10 -ygs -o2 -v3 -.fftcfgtype=LE -ya -.fftprj=C:\Users\slavi\Documents\PSoC Creator\Ultrasonic\PPAZ-4.cydsn\PPAZ-4.cyprj -dcpsoc3 -verilog PPAZ-4.v
======================================================================

vlogfe V6.3 IR 41:  Verilog parser
Wed Nov 10 12:49:12 2021


======================================================================
Compiling:  PPAZ-4.v
Program  :   vpp
Options  :    -yv2 -q10 PPAZ-4.v
======================================================================

vpp V6.3 IR 41:  Verilog Pre-Processor
Wed Nov 10 12:49:12 2021

Flattening file 'C:\Program Files (x86)\Cypress\PSoC Creator\4.4\PSoC Creator\psoc\content\CyPrimitives\cyprimitives.cylib\CyControlReg_v1_80\CyControlReg_v1_80.v'
Flattening file 'C:\Program Files (x86)\Cypress\PSoC Creator\4.4\PSoC Creator\warp\lib\common\cypress.v'
Flattening file 'C:\Program Files (x86)\Cypress\PSoC Creator\4.4\PSoC Creator\warp\lib\common\cy_psoc3_inc.v'
Flattening file 'C:\Program Files (x86)\Cypress\PSoC Creator\4.4\PSoC Creator\psoc\content\CyPrimitives\cyprimitives.cylib\ZeroTerminal\ZeroTerminal.v'
Flattening file 'C:\Program Files (x86)\Cypress\PSoC Creator\4.4\PSoC Creator\psoc\content\CyPrimitives\cyprimitives.cylib\cy_virtualmux_v1_0\cy_virtualmux_v1_0.v'
Flattening file 'C:\Program Files (x86)\Cypress\PSoC Creator\4.4\PSoC Creator\psoc\content\CyComponentLibrary\CyComponentLibrary.cylib\B_Timer_v2_80\B_Timer_v2_80.v'
Flattening file 'C:\Program Files (x86)\Cypress\PSoC Creator\4.4\PSoC Creator\warp\lib\common\cypress.v'
Flattening file 'C:\Program Files (x86)\Cypress\PSoC Creator\4.4\PSoC Creator\psoc\content\CyPrimitives\cyprimitives.cylib\OneTerminal\OneTerminal.v'

vpp:  No errors.

Library 'work' => directory 'lcpsoc3'
General_symbol_table
General_symbol_table
Linking 'C:\Program Files (x86)\Cypress\PSoC Creator\4.4\PSoC Creator\warp\lib\common\std.vhd'.
Linking 'C:\Program Files (x86)\Cypress\PSoC Creator\4.4\PSoC Creator\warp\lib\common\cypress.vhd'.
Linking 'C:\Program Files (x86)\Cypress\PSoC Creator\4.4\PSoC Creator\warp\lib\common\work\cypress.vif'.
Linking 'C:\Program Files (x86)\Cypress\PSoC Creator\4.4\PSoC Creator\warp\lib\ieee\work\stdlogic.vif'.
Linking 'C:\Program Files (x86)\Cypress\PSoC Creator\4.4\PSoC Creator\warp\lib\common\stdlogic\lpmpkg.vif'.
Linking 'C:\Program Files (x86)\Cypress\PSoC Creator\4.4\PSoC Creator\warp\lib\common\stdlogic\rtlpkg.vif'.
Linking 'C:\Program Files (x86)\Cypress\PSoC Creator\4.4\PSoC Creator\warp\lib\common\stdlogic\mod_cnst.vif'.
Linking 'C:\Program Files (x86)\Cypress\PSoC Creator\4.4\PSoC Creator\warp\lib\common\stdlogic\mod_mthv.vif'.
Linking 'C:\Program Files (x86)\Cypress\PSoC Creator\4.4\PSoC Creator\warp\lib\common\stdlogic\mod_genv.vif'.
Using control file 'PPAZ-4.ctl'.
C:\Program Files (x86)\Cypress\PSoC Creator\4.4\PSoC Creator\psoc\content\CyComponentLibrary\CyComponentLibrary.cylib\B_Timer_v2_80\B_Timer_v2_80.v (line 368, col 46):  Note: Substituting module 'cmp_vv_vv' for '='.
C:\Program Files (x86)\Cypress\PSoC Creator\4.4\PSoC Creator\psoc\content\CyComponentLibrary\CyComponentLibrary.cylib\B_Timer_v2_80\B_Timer_v2_80.v (line 374, col 62):  Note: Substituting module 'add_vv_vv' for '+'.
Linking 'C:\Program Files (x86)\Cypress\PSoC Creator\4.4\PSoC Creator\warp\lib\common\stdlogic\cy_psoc3pkg.vif'.
Linking 'C:\Program Files (x86)\Cypress\PSoC Creator\4.4\PSoC Creator\warp\lib\common\stdlogic\cy_psoc3.vif'.

vlogfe:  No errors.


======================================================================
Compiling:  PPAZ-4.v
Program  :   tovif
Options  :    -yv2 -q10 -ygs -o2 -v3 -.fftcfgtype=LE -ya -.fftprj=C:\Users\slavi\Documents\PSoC Creator\Ultrasonic\PPAZ-4.cydsn\PPAZ-4.cyprj -dcpsoc3 -verilog PPAZ-4.v
======================================================================

tovif V6.3 IR 41:  High-level synthesis
Wed Nov 10 12:49:13 2021

Linking 'C:\Program Files (x86)\Cypress\PSoC Creator\4.4\PSoC Creator\warp\lib\common\std.vhd'.
Linking 'C:\Program Files (x86)\Cypress\PSoC Creator\4.4\PSoC Creator\warp\lib\common\cypress.vhd'.
Linking 'C:\Program Files (x86)\Cypress\PSoC Creator\4.4\PSoC Creator\warp\lib\common\work\cypress.vif'.
Linking 'C:\Program Files (x86)\Cypress\PSoC Creator\4.4\PSoC Creator\warp\lib\ieee\work\stdlogic.vif'.
Linking 'C:\Program Files (x86)\Cypress\PSoC Creator\4.4\PSoC Creator\warp\lib\common\stdlogic\lpmpkg.vif'.
Linking 'C:\Program Files (x86)\Cypress\PSoC Creator\4.4\PSoC Creator\warp\lib\common\stdlogic\rtlpkg.vif'.
Linking 'C:\Program Files (x86)\Cypress\PSoC Creator\4.4\PSoC Creator\warp\lib\common\stdlogic\mod_cnst.vif'.
Linking 'C:\Program Files (x86)\Cypress\PSoC Creator\4.4\PSoC Creator\warp\lib\common\stdlogic\mod_mthv.vif'.
Linking 'C:\Program Files (x86)\Cypress\PSoC Creator\4.4\PSoC Creator\warp\lib\common\stdlogic\mod_genv.vif'.
Linking 'C:\Users\slavi\Documents\PSoC Creator\Ultrasonic\PPAZ-4.cydsn\codegentemp\PPAZ-4.ctl'.
Linking 'C:\Users\slavi\Documents\PSoC Creator\Ultrasonic\PPAZ-4.cydsn\codegentemp\PPAZ-4.v'.
Linking 'C:\Program Files (x86)\Cypress\PSoC Creator\4.4\PSoC Creator\psoc\content\CyPrimitives\cyprimitives.cylib\CyControlReg_v1_80\CyControlReg_v1_80.v'.
Linking 'C:\Program Files (x86)\Cypress\PSoC Creator\4.4\PSoC Creator\warp\lib\common\cypress.v'.
Linking 'C:\Program Files (x86)\Cypress\PSoC Creator\4.4\PSoC Creator\warp\lib\common\cy_psoc3_inc.v'.
Linking 'C:\Program Files (x86)\Cypress\PSoC Creator\4.4\PSoC Creator\psoc\content\CyPrimitives\cyprimitives.cylib\ZeroTerminal\ZeroTerminal.v'.
Linking 'C:\Program Files (x86)\Cypress\PSoC Creator\4.4\PSoC Creator\psoc\content\CyPrimitives\cyprimitives.cylib\cy_virtualmux_v1_0\cy_virtualmux_v1_0.v'.
Linking 'C:\Program Files (x86)\Cypress\PSoC Creator\4.4\PSoC Creator\psoc\content\CyComponentLibrary\CyComponentLibrary.cylib\B_Timer_v2_80\B_Timer_v2_80.v'.
Linking 'C:\Program Files (x86)\Cypress\PSoC Creator\4.4\PSoC Creator\psoc\content\CyPrimitives\cyprimitives.cylib\OneTerminal\OneTerminal.v'.
Linking 'C:\Program Files (x86)\Cypress\PSoC Creator\4.4\PSoC Creator\warp\lib\common\stdlogic\cy_psoc3pkg.vif'.
Linking 'C:\Program Files (x86)\Cypress\PSoC Creator\4.4\PSoC Creator\warp\lib\common\stdlogic\cy_psoc3.vif'.

tovif:  No errors.


======================================================================
Compiling:  PPAZ-4.v
Program  :   topld
Options  :    -yv2 -q10 -ygs -o2 -v3 -.fftcfgtype=LE -ya -.fftprj=C:\Users\slavi\Documents\PSoC Creator\Ultrasonic\PPAZ-4.cydsn\PPAZ-4.cyprj -dcpsoc3 -verilog PPAZ-4.v
======================================================================

topld V6.3 IR 41:  Synthesis and optimization
Wed Nov 10 12:49:14 2021

Linking 'C:\Program Files (x86)\Cypress\PSoC Creator\4.4\PSoC Creator\warp\lib\common\std.vhd'.
Linking 'C:\Program Files (x86)\Cypress\PSoC Creator\4.4\PSoC Creator\warp\lib\common\cypress.vhd'.
Linking 'C:\Program Files (x86)\Cypress\PSoC Creator\4.4\PSoC Creator\warp\lib\common\work\cypress.vif'.
Linking 'C:\Program Files (x86)\Cypress\PSoC Creator\4.4\PSoC Creator\warp\lib\ieee\work\stdlogic.vif'.
Linking 'C:\Program Files (x86)\Cypress\PSoC Creator\4.4\PSoC Creator\warp\lib\common\stdlogic\lpmpkg.vif'.
Linking 'C:\Program Files (x86)\Cypress\PSoC Creator\4.4\PSoC Creator\warp\lib\common\stdlogic\rtlpkg.vif'.
Linking 'C:\Program Files (x86)\Cypress\PSoC Creator\4.4\PSoC Creator\warp\lib\common\stdlogic\mod_cnst.vif'.
Linking 'C:\Program Files (x86)\Cypress\PSoC Creator\4.4\PSoC Creator\warp\lib\common\stdlogic\mod_mthv.vif'.
Linking 'C:\Program Files (x86)\Cypress\PSoC Creator\4.4\PSoC Creator\warp\lib\common\stdlogic\mod_genv.vif'.
Linking 'C:\Users\slavi\Documents\PSoC Creator\Ultrasonic\PPAZ-4.cydsn\codegentemp\PPAZ-4.ctl'.
Linking 'C:\Users\slavi\Documents\PSoC Creator\Ultrasonic\PPAZ-4.cydsn\codegentemp\PPAZ-4.v'.
Linking 'C:\Program Files (x86)\Cypress\PSoC Creator\4.4\PSoC Creator\psoc\content\CyPrimitives\cyprimitives.cylib\CyControlReg_v1_80\CyControlReg_v1_80.v'.
Linking 'C:\Program Files (x86)\Cypress\PSoC Creator\4.4\PSoC Creator\warp\lib\common\cypress.v'.
Linking 'C:\Program Files (x86)\Cypress\PSoC Creator\4.4\PSoC Creator\warp\lib\common\cy_psoc3_inc.v'.
Linking 'C:\Program Files (x86)\Cypress\PSoC Creator\4.4\PSoC Creator\psoc\content\CyPrimitives\cyprimitives.cylib\ZeroTerminal\ZeroTerminal.v'.
Linking 'C:\Program Files (x86)\Cypress\PSoC Creator\4.4\PSoC Creator\psoc\content\CyPrimitives\cyprimitives.cylib\cy_virtualmux_v1_0\cy_virtualmux_v1_0.v'.
Linking 'C:\Program Files (x86)\Cypress\PSoC Creator\4.4\PSoC Creator\psoc\content\CyComponentLibrary\CyComponentLibrary.cylib\B_Timer_v2_80\B_Timer_v2_80.v'.
Linking 'C:\Program Files (x86)\Cypress\PSoC Creator\4.4\PSoC Creator\psoc\content\CyPrimitives\cyprimitives.cylib\OneTerminal\OneTerminal.v'.
Linking 'C:\Program Files (x86)\Cypress\PSoC Creator\4.4\PSoC Creator\warp\lib\common\stdlogic\cy_psoc3pkg.vif'.
Linking 'C:\Program Files (x86)\Cypress\PSoC Creator\4.4\PSoC Creator\warp\lib\common\stdlogic\cy_psoc3.vif'.
Linking 'C:\Program Files (x86)\Cypress\PSoC Creator\4.4\PSoC Creator\warp\lib\lcpsoc3\stdlogic\cpsoc3.vif'.

----------------------------------------------------------
Detecting unused logic.
----------------------------------------------------------
    User names
	Net_21
	Net_22
	Net_23
	Net_25
	Net_26
	Net_27
	Net_28
	\Timer_1:Net_260\
	Net_7
	Net_8
	\Timer_1:Net_53\
	\Timer_1:TimerUDB:ctrl_ten\
	\Timer_1:TimerUDB:ctrl_cmode_0\
	\Timer_1:TimerUDB:ctrl_tmode_1\
	\Timer_1:TimerUDB:ctrl_tmode_0\
	\Timer_1:TimerUDB:ctrl_ic_1\
	\Timer_1:TimerUDB:ctrl_ic_0\
	Net_5
	\Timer_1:TimerUDB:zeros_3\
	\Timer_1:TimerUDB:zeros_2\
	\Timer_1:Net_102\
	\Timer_1:Net_266\


Deleted 22 User equations/components.
Deleted 0 Synthesized equations/components.

------------------------------------------------------
Alias Detection
------------------------------------------------------
Aliasing \LCD_Char_1:tmpOE__LCDPort_net_5\ to \LCD_Char_1:tmpOE__LCDPort_net_6\
Aliasing \LCD_Char_1:tmpOE__LCDPort_net_4\ to \LCD_Char_1:tmpOE__LCDPort_net_6\
Aliasing \LCD_Char_1:tmpOE__LCDPort_net_3\ to \LCD_Char_1:tmpOE__LCDPort_net_6\
Aliasing \LCD_Char_1:tmpOE__LCDPort_net_2\ to \LCD_Char_1:tmpOE__LCDPort_net_6\
Aliasing \LCD_Char_1:tmpOE__LCDPort_net_1\ to \LCD_Char_1:tmpOE__LCDPort_net_6\
Aliasing \LCD_Char_1:tmpOE__LCDPort_net_0\ to \LCD_Char_1:tmpOE__LCDPort_net_6\
Aliasing one to \LCD_Char_1:tmpOE__LCDPort_net_6\
Aliasing tmpOE__Trig_net_0 to \LCD_Char_1:tmpOE__LCDPort_net_6\
Aliasing tmpOE__Echo_net_0 to \LCD_Char_1:tmpOE__LCDPort_net_6\
Aliasing \Control:clk\ to zero
Aliasing \Control:rst\ to zero
Aliasing \Timer_1:TimerUDB:ctrl_cmode_1\ to zero
Aliasing \Timer_1:TimerUDB:trigger_enable\ to \LCD_Char_1:tmpOE__LCDPort_net_6\
Aliasing \Timer_1:TimerUDB:status_6\ to zero
Aliasing \Timer_1:TimerUDB:status_5\ to zero
Aliasing \Timer_1:TimerUDB:status_4\ to zero
Aliasing \Timer_1:TimerUDB:status_0\ to \Timer_1:TimerUDB:tc_i\
Aliasing \Timer_1:TimerUDB:capture_last\\D\ to zero
Aliasing \Timer_1:TimerUDB:hwEnable_reg\\D\ to \Timer_1:TimerUDB:run_mode\
Aliasing \Timer_1:TimerUDB:capture_out_reg_i\\D\ to \Timer_1:TimerUDB:capt_fifo_load_int\
Removing Lhs of wire \LCD_Char_1:tmpOE__LCDPort_net_5\[2] = \LCD_Char_1:tmpOE__LCDPort_net_6\[1]
Removing Lhs of wire \LCD_Char_1:tmpOE__LCDPort_net_4\[3] = \LCD_Char_1:tmpOE__LCDPort_net_6\[1]
Removing Lhs of wire \LCD_Char_1:tmpOE__LCDPort_net_3\[4] = \LCD_Char_1:tmpOE__LCDPort_net_6\[1]
Removing Lhs of wire \LCD_Char_1:tmpOE__LCDPort_net_2\[5] = \LCD_Char_1:tmpOE__LCDPort_net_6\[1]
Removing Lhs of wire \LCD_Char_1:tmpOE__LCDPort_net_1\[6] = \LCD_Char_1:tmpOE__LCDPort_net_6\[1]
Removing Lhs of wire \LCD_Char_1:tmpOE__LCDPort_net_0\[7] = \LCD_Char_1:tmpOE__LCDPort_net_6\[1]
Removing Rhs of wire one[24] = \LCD_Char_1:tmpOE__LCDPort_net_6\[1]
Removing Lhs of wire tmpOE__Trig_net_0[27] = one[24]
Removing Rhs of wire Net_12[28] = \Control:control_out_0\[41]
Removing Rhs of wire Net_12[28] = \Control:control_0\[64]
Removing Lhs of wire tmpOE__Echo_net_0[34] = one[24]
Removing Lhs of wire \Control:clk\[39] = zero[8]
Removing Lhs of wire \Control:rst\[40] = zero[8]
Removing Lhs of wire \Timer_1:TimerUDB:ctrl_enable\[84] = \Timer_1:TimerUDB:control_7\[76]
Removing Lhs of wire \Timer_1:TimerUDB:ctrl_cmode_1\[86] = zero[8]
Removing Rhs of wire \Timer_1:TimerUDB:timer_enable\[95] = \Timer_1:TimerUDB:runmode_enable\[107]
Removing Rhs of wire \Timer_1:TimerUDB:run_mode\[96] = \Timer_1:TimerUDB:hwEnable\[97]
Removing Lhs of wire \Timer_1:TimerUDB:trigger_enable\[99] = one[24]
Removing Lhs of wire \Timer_1:TimerUDB:tc_i\[101] = \Timer_1:TimerUDB:status_tc\[98]
Removing Lhs of wire \Timer_1:TimerUDB:capt_fifo_load_int\[106] = \Timer_1:TimerUDB:capt_fifo_load\[94]
Removing Lhs of wire \Timer_1:TimerUDB:status_6\[109] = zero[8]
Removing Lhs of wire \Timer_1:TimerUDB:status_5\[110] = zero[8]
Removing Lhs of wire \Timer_1:TimerUDB:status_4\[111] = zero[8]
Removing Lhs of wire \Timer_1:TimerUDB:status_0\[112] = \Timer_1:TimerUDB:status_tc\[98]
Removing Lhs of wire \Timer_1:TimerUDB:status_1\[113] = \Timer_1:TimerUDB:capt_fifo_load\[94]
Removing Rhs of wire \Timer_1:TimerUDB:status_2\[114] = \Timer_1:TimerUDB:fifo_full\[115]
Removing Rhs of wire \Timer_1:TimerUDB:status_3\[116] = \Timer_1:TimerUDB:fifo_nempty\[117]
Removing Lhs of wire \Timer_1:TimerUDB:cs_addr_2\[119] = Net_12[28]
Removing Lhs of wire \Timer_1:TimerUDB:cs_addr_1\[120] = \Timer_1:TimerUDB:trig_reg\[108]
Removing Lhs of wire \Timer_1:TimerUDB:cs_addr_0\[121] = \Timer_1:TimerUDB:per_zero\[100]
Removing Lhs of wire \Timer_1:TimerUDB:capture_last\\D\[205] = zero[8]
Removing Lhs of wire \Timer_1:TimerUDB:tc_reg_i\\D\[206] = \Timer_1:TimerUDB:status_tc\[98]
Removing Lhs of wire \Timer_1:TimerUDB:hwEnable_reg\\D\[207] = \Timer_1:TimerUDB:run_mode\[96]
Removing Lhs of wire \Timer_1:TimerUDB:capture_out_reg_i\\D\[208] = \Timer_1:TimerUDB:capt_fifo_load\[94]

------------------------------------------------------
Aliased 0 equations, 34 wires.
------------------------------------------------------

----------------------------------------------------------
Circuit simplification
----------------------------------------------------------

Substituting virtuals - pass 1:

Note:  Expanding virtual equation for 'one' (cost = 0):
one <=  ('1') ;

Note:  Expanding virtual equation for 'zero' (cost = 0):
zero <=  ('0') ;

Note:  Expanding virtual equation for '\Timer_1:TimerUDB:fifo_load_polarized\' (cost = 0):
\Timer_1:TimerUDB:fifo_load_polarized\ <=  ('0') ;

Note:  Expanding virtual equation for '\Timer_1:TimerUDB:run_mode\' (cost = 2):
\Timer_1:TimerUDB:run_mode\ <= ((Net_6 and \Timer_1:TimerUDB:control_7\));


Substituting virtuals - pass 2:

Note:  Expanding virtual equation for '\Timer_1:TimerUDB:timer_enable\' (cost = 1):
\Timer_1:TimerUDB:timer_enable\ <= ((Net_6 and \Timer_1:TimerUDB:control_7\));


Substituting virtuals - pass 3:


----------------------------------------------------------
Circuit simplification results:

	Expanded 5 signals.
	Turned 0 signals into soft nodes.
	Maximum default expansion cost was set at 3.
----------------------------------------------------------

------------------------------------------------------
Alias Detection
------------------------------------------------------
Aliasing \Timer_1:TimerUDB:capt_fifo_load\ to zero
Aliasing \Timer_1:TimerUDB:trig_reg\ to \Timer_1:TimerUDB:run_mode\
Removing Lhs of wire \Timer_1:TimerUDB:capt_fifo_load\[94] = zero[8]
Removing Lhs of wire \Timer_1:TimerUDB:trig_reg\[108] = \Timer_1:TimerUDB:run_mode\[96]

------------------------------------------------------
Aliased 0 equations, 2 wires.
------------------------------------------------------

----------------------------------------------------------
Circuit simplification
----------------------------------------------------------

Eliminating unused logic - pass 1:


Eliminating unused logic - pass 2:


Substituting virtuals - pass 1:


----------------------------------------------------------
Circuit simplification results:

	Expanded 0 signals.
	Turned 0 signals into soft nodes.
	Maximum default expansion cost was set at 3.
----------------------------------------------------------

topld:  No errors.

CYPRESS_DIR    : C:\Program Files (x86)\Cypress\PSoC Creator\4.4\PSoC Creator\warp
Warp Program   : C:\Program Files (x86)\Cypress\PSoC Creator\4.4\PSoC Creator\warp\bin\warp.exe
Warp Arguments : -yv2 -q10 -ygs -o2 -v3 -.fftcfgtype=LE -ya "-.fftprj=C:\Users\slavi\Documents\PSoC Creator\Ultrasonic\PPAZ-4.cydsn\PPAZ-4.cyprj" -dcpsoc3 PPAZ-4.v -verilog
</CYPRESSTAG>
Warp synthesis phase: Elapsed time ==> 4s.498ms
<CYPRESSTAG name="Fitter results...">
<CYPRESSTAG name="Fitter startup details...">
cyp3fit: V4.4.0.80, Family: PSoC3, Started at: Wednesday, 10 November 2021 12:49:15
Options: -yv2 -q10 -ygs -o2 -v3 -.fftcfgtype=LE -ya -.fftprj=C:\Users\slavi\Documents\PSoC Creator\Ultrasonic\PPAZ-4.cydsn\PPAZ-4.cyprj -d CY8C5888LTI-LP097 PPAZ-4.v -verilog
</CYPRESSTAG>
<CYPRESSTAG name="Design parsing">
Design parsing phase: Elapsed time ==> 0s.034ms
</CYPRESSTAG>
<CYPRESSTAG name="Tech Mapping">
<CYPRESSTAG name="Initial Mapping" icon="FILE_RPT_TECHM">
    Converted constant MacroCell: \Timer_1:TimerUDB:capture_last\ from registered to combinatorial
    Converted constant MacroCell: \Timer_1:TimerUDB:capture_out_reg_i\ from registered to combinatorial
<CYPRESSTAG name="Global Clock Selection" icon="FILE_RPT_TECHM">
    Digital Clock 0: Automatic-assigning  clock 'Clock_1'. Fanout=2, Signal=Net_10
</CYPRESSTAG>

Removing unused cells resulting from optimization
Done removing unused cells.
<CYPRESSTAG name="UDB Clock/Enable Remapping Results">
    UDB Clk/Enable \Timer_1:TimerUDB:clock_enable_block\: with output requested to be synchronous
        ClockIn: Clock_1 was determined to be a global clock that is synchronous to BUS_CLK
        EnableIn: Constant 1 was determined to be synchronous to ClockIn
        ClockOut: Clock_1, EnableOut: Constant 1
    UDB Clk/Enable \Timer_1:TimerUDB:sCTRLReg:SyncCtl:cy_psoc3_udb_Ctl_Clk_Sync\: with output requested to be synchronous
        ClockIn: Clock_1 was determined to be a global clock that is synchronous to BUS_CLK
        EnableIn: Constant 1 was determined to be synchronous to ClockIn
        ClockOut: Clock_1, EnableOut: Constant 1
</CYPRESSTAG>

Removing unused cells resulting from optimization
Done removing unused cells.
<CYPRESSTAG name="Duplicate Macrocell detection">
</CYPRESSTAG>
</CYPRESSTAG>
<CYPRESSTAG name="Duplicate Macrocell detection">
</CYPRESSTAG>
<CYPRESSTAG name="Design Equations" icon="FILE_RPT_EQUATION">

------------------------------------------------------------
Design Equations
------------------------------------------------------------
    <CYPRESSTAG name="Pin listing">

    ------------------------------------------------------------
    Pin listing
    ------------------------------------------------------------

    Pin : Name = \LCD_Char_1:LCDPort(0)\
        Attributes:
            In Group/Port: True
            In Sync Option: AUTO
            Out Sync Option: NOSYNC
            Interrupt generated: False
            Interrupt mode: NONE
            Drive mode: CMOS_OUT
            VTrip: EITHER
            Slew: FAST
            Input Sync needed: False
            Output Sync needed: False
            SC shield enabled: False
            POR State: ANY
            LCD Mode: COMMON
            Register Mode: RegComb
            CaSense Mode: NEITHER
            Treat as pin: False
            Is OE Registered: False
            Uses Analog: False
            Can contain Digital: True
            Is SIO: False
            SIO Output Buf: NONREGULATED
            SIO Input Buf: SINGLE_ENDED
            SIO HiFreq: LOW
            SIO Hyst: DISABLED
            SIO Vtrip: MULTIPLIER_0_5
            SIO Multiplier Index: 0
            SIO RefSel: VCC_IO
            Required Capabilities: DIGITAL
            Initial Value: 0
            IO Voltage: 0
        PORT MAP (
            pa_out => \LCD_Char_1:LCDPort(0)\__PA ,
            pad => \LCD_Char_1:LCDPort(0)_PAD\ );
        Properties:
        {
        }

    Pin : Name = \LCD_Char_1:LCDPort(1)\
        Attributes:
            In Group/Port: True
            In Sync Option: AUTO
            Out Sync Option: NOSYNC
            Interrupt generated: False
            Interrupt mode: NONE
            Drive mode: CMOS_OUT
            VTrip: EITHER
            Slew: FAST
            Input Sync needed: False
            Output Sync needed: False
            SC shield enabled: False
            POR State: ANY
            LCD Mode: COMMON
            Register Mode: RegComb
            CaSense Mode: NEITHER
            Treat as pin: False
            Is OE Registered: False
            Uses Analog: False
            Can contain Digital: True
            Is SIO: False
            SIO Output Buf: NONREGULATED
            SIO Input Buf: SINGLE_ENDED
            SIO HiFreq: LOW
            SIO Hyst: DISABLED
            SIO Vtrip: MULTIPLIER_0_5
            SIO Multiplier Index: 0
            SIO RefSel: VCC_IO
            Required Capabilities: DIGITAL
            Initial Value: 0
            IO Voltage: 0
        PORT MAP (
            pa_out => \LCD_Char_1:LCDPort(1)\__PA ,
            pad => \LCD_Char_1:LCDPort(1)_PAD\ );
        Properties:
        {
        }

    Pin : Name = \LCD_Char_1:LCDPort(2)\
        Attributes:
            In Group/Port: True
            In Sync Option: AUTO
            Out Sync Option: NOSYNC
            Interrupt generated: False
            Interrupt mode: NONE
            Drive mode: CMOS_OUT
            VTrip: EITHER
            Slew: FAST
            Input Sync needed: False
            Output Sync needed: False
            SC shield enabled: False
            POR State: ANY
            LCD Mode: COMMON
            Register Mode: RegComb
            CaSense Mode: NEITHER
            Treat as pin: False
            Is OE Registered: False
            Uses Analog: False
            Can contain Digital: True
            Is SIO: False
            SIO Output Buf: NONREGULATED
            SIO Input Buf: SINGLE_ENDED
            SIO HiFreq: LOW
            SIO Hyst: DISABLED
            SIO Vtrip: MULTIPLIER_0_5
            SIO Multiplier Index: 0
            SIO RefSel: VCC_IO
            Required Capabilities: DIGITAL
            Initial Value: 0
            IO Voltage: 0
        PORT MAP (
            pa_out => \LCD_Char_1:LCDPort(2)\__PA ,
            pad => \LCD_Char_1:LCDPort(2)_PAD\ );
        Properties:
        {
        }

    Pin : Name = \LCD_Char_1:LCDPort(3)\
        Attributes:
            In Group/Port: True
            In Sync Option: AUTO
            Out Sync Option: NOSYNC
            Interrupt generated: False
            Interrupt mode: NONE
            Drive mode: CMOS_OUT
            VTrip: EITHER
            Slew: FAST
            Input Sync needed: False
            Output Sync needed: False
            SC shield enabled: False
            POR State: ANY
            LCD Mode: COMMON
            Register Mode: RegComb
            CaSense Mode: NEITHER
            Treat as pin: False
            Is OE Registered: False
            Uses Analog: False
            Can contain Digital: True
            Is SIO: False
            SIO Output Buf: NONREGULATED
            SIO Input Buf: SINGLE_ENDED
            SIO HiFreq: LOW
            SIO Hyst: DISABLED
            SIO Vtrip: MULTIPLIER_0_5
            SIO Multiplier Index: 0
            SIO RefSel: VCC_IO
            Required Capabilities: DIGITAL
            Initial Value: 0
            IO Voltage: 0
        PORT MAP (
            pa_out => \LCD_Char_1:LCDPort(3)\__PA ,
            pad => \LCD_Char_1:LCDPort(3)_PAD\ );
        Properties:
        {
        }

    Pin : Name = \LCD_Char_1:LCDPort(4)\
        Attributes:
            In Group/Port: True
            In Sync Option: AUTO
            Out Sync Option: NOSYNC
            Interrupt generated: False
            Interrupt mode: NONE
            Drive mode: CMOS_OUT
            VTrip: EITHER
            Slew: FAST
            Input Sync needed: False
            Output Sync needed: False
            SC shield enabled: False
            POR State: ANY
            LCD Mode: COMMON
            Register Mode: RegComb
            CaSense Mode: NEITHER
            Treat as pin: False
            Is OE Registered: False
            Uses Analog: False
            Can contain Digital: True
            Is SIO: False
            SIO Output Buf: NONREGULATED
            SIO Input Buf: SINGLE_ENDED
            SIO HiFreq: LOW
            SIO Hyst: DISABLED
            SIO Vtrip: MULTIPLIER_0_5
            SIO Multiplier Index: 0
            SIO RefSel: VCC_IO
            Required Capabilities: DIGITAL
            Initial Value: 0
            IO Voltage: 0
        PORT MAP (
            pa_out => \LCD_Char_1:LCDPort(4)\__PA ,
            pad => \LCD_Char_1:LCDPort(4)_PAD\ );
        Properties:
        {
        }

    Pin : Name = \LCD_Char_1:LCDPort(5)\
        Attributes:
            In Group/Port: True
            In Sync Option: AUTO
            Out Sync Option: NOSYNC
            Interrupt generated: False
            Interrupt mode: NONE
            Drive mode: CMOS_OUT
            VTrip: EITHER
            Slew: FAST
            Input Sync needed: False
            Output Sync needed: False
            SC shield enabled: False
            POR State: ANY
            LCD Mode: COMMON
            Register Mode: RegComb
            CaSense Mode: NEITHER
            Treat as pin: False
            Is OE Registered: False
            Uses Analog: False
            Can contain Digital: True
            Is SIO: False
            SIO Output Buf: NONREGULATED
            SIO Input Buf: SINGLE_ENDED
            SIO HiFreq: LOW
            SIO Hyst: DISABLED
            SIO Vtrip: MULTIPLIER_0_5
            SIO Multiplier Index: 0
            SIO RefSel: VCC_IO
            Required Capabilities: DIGITAL
            Initial Value: 0
            IO Voltage: 0
        PORT MAP (
            pa_out => \LCD_Char_1:LCDPort(5)\__PA ,
            pad => \LCD_Char_1:LCDPort(5)_PAD\ );
        Properties:
        {
        }

    Pin : Name = \LCD_Char_1:LCDPort(6)\
        Attributes:
            In Group/Port: True
            In Sync Option: AUTO
            Out Sync Option: NOSYNC
            Interrupt generated: False
            Interrupt mode: NONE
            Drive mode: CMOS_OUT
            VTrip: EITHER
            Slew: FAST
            Input Sync needed: False
            Output Sync needed: False
            SC shield enabled: False
            POR State: ANY
            LCD Mode: COMMON
            Register Mode: RegComb
            CaSense Mode: NEITHER
            Treat as pin: False
            Is OE Registered: False
            Uses Analog: False
            Can contain Digital: True
            Is SIO: False
            SIO Output Buf: NONREGULATED
            SIO Input Buf: SINGLE_ENDED
            SIO HiFreq: LOW
            SIO Hyst: DISABLED
            SIO Vtrip: MULTIPLIER_0_5
            SIO Multiplier Index: 0
            SIO RefSel: VCC_IO
            Required Capabilities: DIGITAL
            Initial Value: 0
            IO Voltage: 0
        PORT MAP (
            pa_out => \LCD_Char_1:LCDPort(6)\__PA ,
            pad => \LCD_Char_1:LCDPort(6)_PAD\ );
        Properties:
        {
        }

    Pin : Name = Trig(0)
        Attributes:
            In Group/Port: True
            In Sync Option: AUTO
            Out Sync Option: NOSYNC
            Interrupt generated: False
            Interrupt mode: NONE
            Drive mode: CMOS_OUT
            VTrip: EITHER
            Slew: FAST
            Input Sync needed: False
            Output Sync needed: False
            SC shield enabled: False
            POR State: ANY
            LCD Mode: COMMON
            Register Mode: RegComb
            CaSense Mode: NEITHER
            Treat as pin: True
            Is OE Registered: False
            Uses Analog: False
            Can contain Digital: True
            Is SIO: False
            SIO Output Buf: NONREGULATED
            SIO Input Buf: SINGLE_ENDED
            SIO HiFreq: LOW
            SIO Hyst: DISABLED
            SIO Vtrip: MULTIPLIER_0_5
            SIO Multiplier Index: 0
            SIO RefSel: VCC_IO
            Required Capabilities: DIGITAL, ROUTABLE
            Initial Value: 0
            IO Voltage: 0
        PORT MAP (
            pa_out => Trig(0)__PA ,
            pin_input => Net_12 ,
            pad => Trig(0)_PAD );
        Properties:
        {
        }

    Pin : Name = Echo(0)
        Attributes:
            In Group/Port: True
            In Sync Option: NOSYNC
            Out Sync Option: AUTO
            Interrupt generated: False
            Interrupt mode: NONE
            Drive mode: HI_Z_DIGITAL
            VTrip: CMOS
            Slew: FAST
            Input Sync needed: False
            Output Sync needed: False
            SC shield enabled: False
            POR State: ANY
            LCD Mode: COMMON
            Register Mode: RegComb
            CaSense Mode: NEITHER
            Treat as pin: True
            Is OE Registered: False
            Uses Analog: False
            Can contain Digital: True
            Is SIO: False
            SIO Output Buf: NONREGULATED
            SIO Input Buf: SINGLE_ENDED
            SIO HiFreq: LOW
            SIO Hyst: DISABLED
            SIO Vtrip: MULTIPLIER_0_5
            SIO Multiplier Index: 0
            SIO RefSel: VCC_IO
            Required Capabilities: DIGITAL, ROUTABLE
            Initial Value: 0
            IO Voltage: 0
        PORT MAP (
            pa_out => Echo(0)__PA ,
            fb => Net_6 ,
            pad => Echo(0)_PAD );
        Properties:
        {
        }
    </CYPRESSTAG>
    <CYPRESSTAG name="Macrocell listing" icon="FILE_RPT_EQUATION">

    ------------------------------------------------------------
    Macrocell listing
    ------------------------------------------------------------

    MacroCell: Name=\Timer_1:TimerUDB:run_mode\, Mode=(Combinatorial)
        Total # of inputs        : 2
        Total # of product terms : 1
            Clock Enable: True
        Main Equation            : 1 pterm
        (
              Net_6 * \Timer_1:TimerUDB:control_7\
        );
        Output = \Timer_1:TimerUDB:run_mode\ (fanout=2)

    MacroCell: Name=\Timer_1:TimerUDB:status_tc\, Mode=(Combinatorial)
        Total # of inputs        : 3
        Total # of product terms : 1
            Clock Enable: True
        Main Equation            : 1 pterm
        (
              Net_6 * \Timer_1:TimerUDB:control_7\ * 
              \Timer_1:TimerUDB:per_zero\
        );
        Output = \Timer_1:TimerUDB:status_tc\ (fanout=1)
    </CYPRESSTAG>
    <CYPRESSTAG name="Datapath listing">

    ------------------------------------------------------------
    Datapath listing
    ------------------------------------------------------------

    datapathcell: Name =\Timer_1:TimerUDB:sT16:timerdp:u0\
        PORT MAP (
            clock => Net_10 ,
            cs_addr_2 => Net_12 ,
            cs_addr_1 => \Timer_1:TimerUDB:run_mode\ ,
            cs_addr_0 => \Timer_1:TimerUDB:per_zero\ ,
            chain_out => \Timer_1:TimerUDB:sT16:timerdp:carry\ );
        Properties:
        {
            a0_init = "00000000"
            a1_init = "00000000"
            ce0_sync = 1
            ce1_sync = 1
            cl0_sync = 1
            cl1_sync = 1
            cmsb_sync = 1
            co_msb_sync = 1
            cy_dpconfig = "0000000001000000000000000100000001000000010000000000000010000000000000001000000000000000100000000000000010000000000000001000000011111111000000001111111111111111000000000000000000000001000000000000000000011000"
            d0_init = "00000000"
            d1_init = "00000000"
            f0_blk_sync = 1
            f0_bus_sync = 1
            f1_blk_sync = 1
            f1_bus_sync = 1
            ff0_sync = 1
            ff1_sync = 1
            ov_msb_sync = 1
            so_sync = 1
            z0_sync = 1
            z1_sync = 1
        }
        Clock Polarity: Active High
        Clock Enable: True
        Next in chain : \Timer_1:TimerUDB:sT16:timerdp:u1\

    datapathcell: Name =\Timer_1:TimerUDB:sT16:timerdp:u1\
        PORT MAP (
            clock => Net_10 ,
            cs_addr_2 => Net_12 ,
            cs_addr_1 => \Timer_1:TimerUDB:run_mode\ ,
            cs_addr_0 => \Timer_1:TimerUDB:per_zero\ ,
            z0_comb => \Timer_1:TimerUDB:per_zero\ ,
            f0_bus_stat_comb => \Timer_1:TimerUDB:status_3\ ,
            f0_blk_stat_comb => \Timer_1:TimerUDB:status_2\ ,
            chain_in => \Timer_1:TimerUDB:sT16:timerdp:carry\ );
        Properties:
        {
            a0_init = "00000000"
            a1_init = "00000000"
            ce0_sync = 1
            ce1_sync = 1
            cl0_sync = 1
            cl1_sync = 1
            cmsb_sync = 1
            co_msb_sync = 1
            cy_dpconfig = "0000000001000000000000000100000001000000010000000000000010000000000000001000000000000000100000000000000010000000000000001000000011111111000000001111111111111111100000110000000000000001000000110000000000011000"
            d0_init = "00000000"
            d1_init = "00000000"
            f0_blk_sync = 1
            f0_bus_sync = 1
            f1_blk_sync = 1
            f1_bus_sync = 1
            ff0_sync = 1
            ff1_sync = 1
            ov_msb_sync = 1
            so_sync = 1
            z0_sync = 1
            z1_sync = 1
        }
        Clock Polarity: Active High
        Clock Enable: True
        Previous in chain : \Timer_1:TimerUDB:sT16:timerdp:u0\
    </CYPRESSTAG>
    <CYPRESSTAG name="Status register listing">
    </CYPRESSTAG>
    <CYPRESSTAG name="StatusI register listing">

    ------------------------------------------------------------
    StatusI register listing
    ------------------------------------------------------------

    statusicell: Name =\Timer_1:TimerUDB:rstSts:stsreg\
        PORT MAP (
            reset => Net_12 ,
            clock => Net_10 ,
            status_3 => \Timer_1:TimerUDB:status_3\ ,
            status_2 => \Timer_1:TimerUDB:status_2\ ,
            status_0 => \Timer_1:TimerUDB:status_tc\ );
        Properties:
        {
            cy_force_order = 1
            cy_int_mask = "1111111"
            cy_md_select = "0000011"
        }
        Clock Polarity: Active High
        Clock Enable: True
    </CYPRESSTAG>
    <CYPRESSTAG name="Sync listing">
    </CYPRESSTAG>
    <CYPRESSTAG name="Control register listing">

    ------------------------------------------------------------
    Control register listing
    ------------------------------------------------------------

    controlcell: Name =\Control:Sync:ctrl_reg\
        PORT MAP (
            control_7 => \Control:control_7\ ,
            control_6 => \Control:control_6\ ,
            control_5 => \Control:control_5\ ,
            control_4 => \Control:control_4\ ,
            control_3 => \Control:control_3\ ,
            control_2 => \Control:control_2\ ,
            control_1 => \Control:control_1\ ,
            control_0 => Net_12 );
        Properties:
        {
            cy_ctrl_mode_0 = "00000000"
            cy_ctrl_mode_1 = "00000000"
            cy_ext_reset = 0
            cy_force_order = 1
            cy_init_value = "00000000"
        }
        Clock Enable: True

    controlcell: Name =\Timer_1:TimerUDB:sCTRLReg:SyncCtl:ctrlreg\
        PORT MAP (
            clock => Net_10 ,
            control_7 => \Timer_1:TimerUDB:control_7\ ,
            control_6 => \Timer_1:TimerUDB:control_6\ ,
            control_5 => \Timer_1:TimerUDB:control_5\ ,
            control_4 => \Timer_1:TimerUDB:control_4\ ,
            control_3 => \Timer_1:TimerUDB:control_3\ ,
            control_2 => \Timer_1:TimerUDB:control_2\ ,
            control_1 => \Timer_1:TimerUDB:control_1\ ,
            control_0 => \Timer_1:TimerUDB:control_0\ );
        Properties:
        {
            cy_ctrl_mode_0 = "11111111"
            cy_ctrl_mode_1 = "00000000"
            cy_ext_reset = 0
            cy_force_order = 1
            cy_init_value = "00000000"
        }
        Clock Polarity: Active High
        Clock Enable: True
    </CYPRESSTAG>
    <CYPRESSTAG name="Count7 listing">
    </CYPRESSTAG>
    <CYPRESSTAG name="DRQ listing">
    </CYPRESSTAG>
    <CYPRESSTAG name="Interrupt listing">
    </CYPRESSTAG>
</CYPRESSTAG>
<CYPRESSTAG name="Technology mapping summary" expanded>

------------------------------------------------------------
Technology mapping summary
------------------------------------------------------------

Resource Type                 : Used : Free :  Max :  % Used
============================================================
Digital Clocks                :    1 :    7 :    8 : 12.50 %
Analog Clocks                 :    0 :    4 :    4 :  0.00 %
CapSense Buffers              :    0 :    2 :    2 :  0.00 %
Digital Filter Block          :    0 :    1 :    1 :  0.00 %
Interrupts                    :    0 :   32 :   32 :  0.00 %
IO                            :   12 :   36 :   48 : 25.00 %
Segment LCD                   :    0 :    1 :    1 :  0.00 %
CAN 2.0b                      :    0 :    1 :    1 :  0.00 %
I2C                           :    0 :    1 :    1 :  0.00 %
USB                           :    0 :    1 :    1 :  0.00 %
DMA Channels                  :    0 :   24 :   24 :  0.00 %
Timer                         :    0 :    4 :    4 :  0.00 %
UDB                           :      :      :      :        
  Macrocells                  :    2 :  190 :  192 :  1.04 %
  Unique P-terms              :    2 :  382 :  384 :  0.52 %
  Total P-terms               :    2 :      :      :        
  Datapath Cells              :    2 :   22 :   24 :  8.33 %
  Status Cells                :    1 :   23 :   24 :  4.17 %
    StatusI Registers         :    1 :      :      :        
  Control Cells               :    2 :   22 :   24 :  8.33 %
    Control Registers         :    2 :      :      :        
Opamp                         :    0 :    4 :    4 :  0.00 %
Comparator                    :    0 :    4 :    4 :  0.00 %
Delta-Sigma ADC               :    0 :    1 :    1 :  0.00 %
LPF                           :    0 :    2 :    2 :  0.00 %
SAR ADC                       :    0 :    2 :    2 :  0.00 %
Analog (SC/CT) Blocks         :    0 :    4 :    4 :  0.00 %
DAC                           :      :      :      :        
  VIDAC                       :    0 :    4 :    4 :  0.00 %
</CYPRESSTAG>
Technology Mapping: Elapsed time ==> 0s.136ms
Tech Mapping phase: Elapsed time ==> 0s.415ms
</CYPRESSTAG>
<CYPRESSTAG name="Analog Placement">
Initial Analog Placement Results:
IO_7@[IOP=(2)][IoId=(7)] : Echo(0) (fixed)
IO_7@[IOP=(3)][IoId=(7)] : Trig(0) (fixed)
IO_0@[IOP=(2)][IoId=(0)] : \LCD_Char_1:LCDPort(0)\ (fixed)
IO_1@[IOP=(2)][IoId=(1)] : \LCD_Char_1:LCDPort(1)\ (fixed)
IO_2@[IOP=(2)][IoId=(2)] : \LCD_Char_1:LCDPort(2)\ (fixed)
IO_3@[IOP=(2)][IoId=(3)] : \LCD_Char_1:LCDPort(3)\ (fixed)
IO_4@[IOP=(2)][IoId=(4)] : \LCD_Char_1:LCDPort(4)\ (fixed)
IO_5@[IOP=(2)][IoId=(5)] : \LCD_Char_1:LCDPort(5)\ (fixed)
IO_6@[IOP=(2)][IoId=(6)] : \LCD_Char_1:LCDPort(6)\ (fixed)
Analog Placement phase: Elapsed time ==> 0s.202ms
</CYPRESSTAG>
<CYPRESSTAG name="Analog Routing">
Analog Routing phase: Elapsed time ==> 0s.000ms
</CYPRESSTAG>
<CYPRESSTAG name="Analog Code Generation">
============ Analog Final Answer Routes ============
Dump of CyAnalogRoutingResultsDB
Map of net to items {
}
Map of item to net {
}
Mux Info {
}
Dump of CyP35AnalogRoutingResultsDB
IsVddaHalfUsedForComp = False
IsVddaHalfUsedForSar0 = False
IsVddaHalfUsedForSar1 = False
Analog Code Generation phase: Elapsed time ==> 1s.071ms
</CYPRESSTAG>
<CYPRESSTAG name="Digital Placement">
<CYPRESSTAG name="Detailed placement messages">
I2076: Total run-time: 1.0 sec.

</CYPRESSTAG>
<CYPRESSTAG name="PLD Packing">
<CYPRESSTAG name="PLD Packing Summary" expanded>

------------------------------------------------------------
PLD Packing Summary
------------------------------------------------------------
            Resource Type : Used : Free :  Max :  % Used
    ====================================================
                     PLDs :    1 :   47 :   48 :   2.08%

<CYPRESSTAG name="PLD Statistics">

        PLD Resource Type :     Average/LAB
    =======================================
                   Inputs :            3.00
                   Pterms :            2.00
               Macrocells :            2.00
</CYPRESSTAG>
<CYPRESSTAG name="Packed PLD Contents">
Packed PLD Contents not displayed at this verbose level.</CYPRESSTAG>
</CYPRESSTAG>
PLD Packing: Elapsed time ==> 0s.001ms
</CYPRESSTAG>
<CYPRESSTAG name="Partitioning">
<CYPRESSTAG name="Initial Partitioning Summary">
Initial Partitioning Summary not displayed at this verbose level.</CYPRESSTAG>
<CYPRESSTAG name="Final Partitioning Summary">
Final Partitioning Summary not displayed at this verbose level.</CYPRESSTAG>
Partitioning: Elapsed time ==> 0s.018ms
</CYPRESSTAG>
<CYPRESSTAG name="Final Placement Summary">

------------------------------------------------------------
Final Placement Summary
------------------------------------------------------------

       Resource Type :      Count : Avg Inputs : Avg Outputs
    ========================================================
                 UDB :          2 :       1.50 :       1.00
<CYPRESSTAG name="Final Placement Details">
<CYPRESSTAG name="Component Details">

------------------------------------------------------------
Component Placement Details
------------------------------------------------------------
UDB [UDB=(0,0)] is empty.
UDB [UDB=(0,1)] is empty.
UDB [UDB=(0,2)] is empty.
UDB [UDB=(0,3)] contents:
datapathcell: Name =\Timer_1:TimerUDB:sT16:timerdp:u0\
    PORT MAP (
        clock => Net_10 ,
        cs_addr_2 => Net_12 ,
        cs_addr_1 => \Timer_1:TimerUDB:run_mode\ ,
        cs_addr_0 => \Timer_1:TimerUDB:per_zero\ ,
        chain_out => \Timer_1:TimerUDB:sT16:timerdp:carry\ );
    Properties:
    {
        a0_init = "00000000"
        a1_init = "00000000"
        ce0_sync = 1
        ce1_sync = 1
        cl0_sync = 1
        cl1_sync = 1
        cmsb_sync = 1
        co_msb_sync = 1
        cy_dpconfig = "0000000001000000000000000100000001000000010000000000000010000000000000001000000000000000100000000000000010000000000000001000000011111111000000001111111111111111000000000000000000000001000000000000000000011000"
        d0_init = "00000000"
        d1_init = "00000000"
        f0_blk_sync = 1
        f0_bus_sync = 1
        f1_blk_sync = 1
        f1_bus_sync = 1
        ff0_sync = 1
        ff1_sync = 1
        ov_msb_sync = 1
        so_sync = 1
        z0_sync = 1
        z1_sync = 1
    }
    Clock Polarity: Active High
    Clock Enable: True
    Next in chain : \Timer_1:TimerUDB:sT16:timerdp:u1\

controlcell: Name =\Control:Sync:ctrl_reg\
    PORT MAP (
        control_7 => \Control:control_7\ ,
        control_6 => \Control:control_6\ ,
        control_5 => \Control:control_5\ ,
        control_4 => \Control:control_4\ ,
        control_3 => \Control:control_3\ ,
        control_2 => \Control:control_2\ ,
        control_1 => \Control:control_1\ ,
        control_0 => Net_12 );
    Properties:
    {
        cy_ctrl_mode_0 = "00000000"
        cy_ctrl_mode_1 = "00000000"
        cy_ext_reset = 0
        cy_force_order = 1
        cy_init_value = "00000000"
    }
    Clock Enable: True

UDB [UDB=(0,4)] is empty.
UDB [UDB=(0,5)] is empty.
UDB [UDB=(1,0)] is empty.
UDB [UDB=(1,1)] is empty.
UDB [UDB=(1,2)] is empty.
UDB [UDB=(1,3)] contents:
LAB@[UDB=(1,3)][LB=0] #macrocells=2, #inputs=3, #pterms=2
{
    [McSlotId=0]:     MacroCell: Name=\Timer_1:TimerUDB:run_mode\, Mode=(Combinatorial) @ [UDB=(1,3)][LB=0][MC=0]
        Total # of inputs        : 2
        Total # of product terms : 1
            Clock Enable: True
        Main Equation            : 1 pterm
        (
              Net_6 * \Timer_1:TimerUDB:control_7\
        );
        Output = \Timer_1:TimerUDB:run_mode\ (fanout=2)
        Properties               : 
        {
        }

    [McSlotId=1]:     MacroCell: Name=\Timer_1:TimerUDB:status_tc\, Mode=(Combinatorial) @ [UDB=(1,3)][LB=0][MC=1]
        Total # of inputs        : 3
        Total # of product terms : 1
            Clock Enable: True
        Main Equation            : 1 pterm
        (
              Net_6 * \Timer_1:TimerUDB:control_7\ * 
              \Timer_1:TimerUDB:per_zero\
        );
        Output = \Timer_1:TimerUDB:status_tc\ (fanout=1)
        Properties               : 
        {
        }

    [McSlotId=2]: (empty)
    [McSlotId=3]: (empty)
}

datapathcell: Name =\Timer_1:TimerUDB:sT16:timerdp:u1\
    PORT MAP (
        clock => Net_10 ,
        cs_addr_2 => Net_12 ,
        cs_addr_1 => \Timer_1:TimerUDB:run_mode\ ,
        cs_addr_0 => \Timer_1:TimerUDB:per_zero\ ,
        z0_comb => \Timer_1:TimerUDB:per_zero\ ,
        f0_bus_stat_comb => \Timer_1:TimerUDB:status_3\ ,
        f0_blk_stat_comb => \Timer_1:TimerUDB:status_2\ ,
        chain_in => \Timer_1:TimerUDB:sT16:timerdp:carry\ );
    Properties:
    {
        a0_init = "00000000"
        a1_init = "00000000"
        ce0_sync = 1
        ce1_sync = 1
        cl0_sync = 1
        cl1_sync = 1
        cmsb_sync = 1
        co_msb_sync = 1
        cy_dpconfig = "0000000001000000000000000100000001000000010000000000000010000000000000001000000000000000100000000000000010000000000000001000000011111111000000001111111111111111100000110000000000000001000000110000000000011000"
        d0_init = "00000000"
        d1_init = "00000000"
        f0_blk_sync = 1
        f0_bus_sync = 1
        f1_blk_sync = 1
        f1_bus_sync = 1
        ff0_sync = 1
        ff1_sync = 1
        ov_msb_sync = 1
        so_sync = 1
        z0_sync = 1
        z1_sync = 1
    }
    Clock Polarity: Active High
    Clock Enable: True
    Previous in chain : \Timer_1:TimerUDB:sT16:timerdp:u0\

statusicell: Name =\Timer_1:TimerUDB:rstSts:stsreg\
    PORT MAP (
        reset => Net_12 ,
        clock => Net_10 ,
        status_3 => \Timer_1:TimerUDB:status_3\ ,
        status_2 => \Timer_1:TimerUDB:status_2\ ,
        status_0 => \Timer_1:TimerUDB:status_tc\ );
    Properties:
    {
        cy_force_order = 1
        cy_int_mask = "1111111"
        cy_md_select = "0000011"
    }
    Clock Polarity: Active High
    Clock Enable: True

controlcell: Name =\Timer_1:TimerUDB:sCTRLReg:SyncCtl:ctrlreg\
    PORT MAP (
        clock => Net_10 ,
        control_7 => \Timer_1:TimerUDB:control_7\ ,
        control_6 => \Timer_1:TimerUDB:control_6\ ,
        control_5 => \Timer_1:TimerUDB:control_5\ ,
        control_4 => \Timer_1:TimerUDB:control_4\ ,
        control_3 => \Timer_1:TimerUDB:control_3\ ,
        control_2 => \Timer_1:TimerUDB:control_2\ ,
        control_1 => \Timer_1:TimerUDB:control_1\ ,
        control_0 => \Timer_1:TimerUDB:control_0\ );
    Properties:
    {
        cy_ctrl_mode_0 = "11111111"
        cy_ctrl_mode_1 = "00000000"
        cy_ext_reset = 0
        cy_force_order = 1
        cy_init_value = "00000000"
    }
    Clock Polarity: Active High
    Clock Enable: True

UDB [UDB=(1,4)] is empty.
UDB [UDB=(1,5)] is empty.
UDB [UDB=(2,0)] is empty.
UDB [UDB=(2,1)] is empty.
UDB [UDB=(2,2)] is empty.
UDB [UDB=(2,3)] is empty.
UDB [UDB=(2,4)] is empty.
UDB [UDB=(2,5)] is empty.
UDB [UDB=(3,0)] is empty.
UDB [UDB=(3,1)] is empty.
UDB [UDB=(3,2)] is empty.
UDB [UDB=(3,3)] is empty.
UDB [UDB=(3,4)] is empty.
UDB [UDB=(3,5)] is empty.
Intr container @ [IntrContainer=(0)]: empty
Drq container @ [DrqContainer=(0)]: empty
Port 0 contains the following IO cells:
Port 1 contains the following IO cells:
Port 2 contains the following IO cells:
[IoId=0]: 
Pin : Name = \LCD_Char_1:LCDPort(0)\
    Attributes:
        In Group/Port: True
        In Sync Option: AUTO
        Out Sync Option: NOSYNC
        Interrupt generated: False
        Interrupt mode: NONE
        Drive mode: CMOS_OUT
        VTrip: EITHER
        Slew: FAST
        Input Sync needed: False
        Output Sync needed: False
        SC shield enabled: False
        POR State: ANY
        LCD Mode: COMMON
        Register Mode: RegComb
        CaSense Mode: NEITHER
        Treat as pin: False
        Is OE Registered: False
        Uses Analog: False
        Can contain Digital: True
        Is SIO: False
        SIO Output Buf: NONREGULATED
        SIO Input Buf: SINGLE_ENDED
        SIO HiFreq: LOW
        SIO Hyst: DISABLED
        SIO Vtrip: MULTIPLIER_0_5
        SIO Multiplier Index: 0
        SIO RefSel: VCC_IO
        Required Capabilities: DIGITAL
        Initial Value: 0
        IO Voltage: 0
    PORT MAP (
        pa_out => \LCD_Char_1:LCDPort(0)\__PA ,
        pad => \LCD_Char_1:LCDPort(0)_PAD\ );
    Properties:
    {
    }

[IoId=1]: 
Pin : Name = \LCD_Char_1:LCDPort(1)\
    Attributes:
        In Group/Port: True
        In Sync Option: AUTO
        Out Sync Option: NOSYNC
        Interrupt generated: False
        Interrupt mode: NONE
        Drive mode: CMOS_OUT
        VTrip: EITHER
        Slew: FAST
        Input Sync needed: False
        Output Sync needed: False
        SC shield enabled: False
        POR State: ANY
        LCD Mode: COMMON
        Register Mode: RegComb
        CaSense Mode: NEITHER
        Treat as pin: False
        Is OE Registered: False
        Uses Analog: False
        Can contain Digital: True
        Is SIO: False
        SIO Output Buf: NONREGULATED
        SIO Input Buf: SINGLE_ENDED
        SIO HiFreq: LOW
        SIO Hyst: DISABLED
        SIO Vtrip: MULTIPLIER_0_5
        SIO Multiplier Index: 0
        SIO RefSel: VCC_IO
        Required Capabilities: DIGITAL
        Initial Value: 0
        IO Voltage: 0
    PORT MAP (
        pa_out => \LCD_Char_1:LCDPort(1)\__PA ,
        pad => \LCD_Char_1:LCDPort(1)_PAD\ );
    Properties:
    {
    }

[IoId=2]: 
Pin : Name = \LCD_Char_1:LCDPort(2)\
    Attributes:
        In Group/Port: True
        In Sync Option: AUTO
        Out Sync Option: NOSYNC
        Interrupt generated: False
        Interrupt mode: NONE
        Drive mode: CMOS_OUT
        VTrip: EITHER
        Slew: FAST
        Input Sync needed: False
        Output Sync needed: False
        SC shield enabled: False
        POR State: ANY
        LCD Mode: COMMON
        Register Mode: RegComb
        CaSense Mode: NEITHER
        Treat as pin: False
        Is OE Registered: False
        Uses Analog: False
        Can contain Digital: True
        Is SIO: False
        SIO Output Buf: NONREGULATED
        SIO Input Buf: SINGLE_ENDED
        SIO HiFreq: LOW
        SIO Hyst: DISABLED
        SIO Vtrip: MULTIPLIER_0_5
        SIO Multiplier Index: 0
        SIO RefSel: VCC_IO
        Required Capabilities: DIGITAL
        Initial Value: 0
        IO Voltage: 0
    PORT MAP (
        pa_out => \LCD_Char_1:LCDPort(2)\__PA ,
        pad => \LCD_Char_1:LCDPort(2)_PAD\ );
    Properties:
    {
    }

[IoId=3]: 
Pin : Name = \LCD_Char_1:LCDPort(3)\
    Attributes:
        In Group/Port: True
        In Sync Option: AUTO
        Out Sync Option: NOSYNC
        Interrupt generated: False
        Interrupt mode: NONE
        Drive mode: CMOS_OUT
        VTrip: EITHER
        Slew: FAST
        Input Sync needed: False
        Output Sync needed: False
        SC shield enabled: False
        POR State: ANY
        LCD Mode: COMMON
        Register Mode: RegComb
        CaSense Mode: NEITHER
        Treat as pin: False
        Is OE Registered: False
        Uses Analog: False
        Can contain Digital: True
        Is SIO: False
        SIO Output Buf: NONREGULATED
        SIO Input Buf: SINGLE_ENDED
        SIO HiFreq: LOW
        SIO Hyst: DISABLED
        SIO Vtrip: MULTIPLIER_0_5
        SIO Multiplier Index: 0
        SIO RefSel: VCC_IO
        Required Capabilities: DIGITAL
        Initial Value: 0
        IO Voltage: 0
    PORT MAP (
        pa_out => \LCD_Char_1:LCDPort(3)\__PA ,
        pad => \LCD_Char_1:LCDPort(3)_PAD\ );
    Properties:
    {
    }

[IoId=4]: 
Pin : Name = \LCD_Char_1:LCDPort(4)\
    Attributes:
        In Group/Port: True
        In Sync Option: AUTO
        Out Sync Option: NOSYNC
        Interrupt generated: False
        Interrupt mode: NONE
        Drive mode: CMOS_OUT
        VTrip: EITHER
        Slew: FAST
        Input Sync needed: False
        Output Sync needed: False
        SC shield enabled: False
        POR State: ANY
        LCD Mode: COMMON
        Register Mode: RegComb
        CaSense Mode: NEITHER
        Treat as pin: False
        Is OE Registered: False
        Uses Analog: False
        Can contain Digital: True
        Is SIO: False
        SIO Output Buf: NONREGULATED
        SIO Input Buf: SINGLE_ENDED
        SIO HiFreq: LOW
        SIO Hyst: DISABLED
        SIO Vtrip: MULTIPLIER_0_5
        SIO Multiplier Index: 0
        SIO RefSel: VCC_IO
        Required Capabilities: DIGITAL
        Initial Value: 0
        IO Voltage: 0
    PORT MAP (
        pa_out => \LCD_Char_1:LCDPort(4)\__PA ,
        pad => \LCD_Char_1:LCDPort(4)_PAD\ );
    Properties:
    {
    }

[IoId=5]: 
Pin : Name = \LCD_Char_1:LCDPort(5)\
    Attributes:
        In Group/Port: True
        In Sync Option: AUTO
        Out Sync Option: NOSYNC
        Interrupt generated: False
        Interrupt mode: NONE
        Drive mode: CMOS_OUT
        VTrip: EITHER
        Slew: FAST
        Input Sync needed: False
        Output Sync needed: False
        SC shield enabled: False
        POR State: ANY
        LCD Mode: COMMON
        Register Mode: RegComb
        CaSense Mode: NEITHER
        Treat as pin: False
        Is OE Registered: False
        Uses Analog: False
        Can contain Digital: True
        Is SIO: False
        SIO Output Buf: NONREGULATED
        SIO Input Buf: SINGLE_ENDED
        SIO HiFreq: LOW
        SIO Hyst: DISABLED
        SIO Vtrip: MULTIPLIER_0_5
        SIO Multiplier Index: 0
        SIO RefSel: VCC_IO
        Required Capabilities: DIGITAL
        Initial Value: 0
        IO Voltage: 0
    PORT MAP (
        pa_out => \LCD_Char_1:LCDPort(5)\__PA ,
        pad => \LCD_Char_1:LCDPort(5)_PAD\ );
    Properties:
    {
    }

[IoId=6]: 
Pin : Name = \LCD_Char_1:LCDPort(6)\
    Attributes:
        In Group/Port: True
        In Sync Option: AUTO
        Out Sync Option: NOSYNC
        Interrupt generated: False
        Interrupt mode: NONE
        Drive mode: CMOS_OUT
        VTrip: EITHER
        Slew: FAST
        Input Sync needed: False
        Output Sync needed: False
        SC shield enabled: False
        POR State: ANY
        LCD Mode: COMMON
        Register Mode: RegComb
        CaSense Mode: NEITHER
        Treat as pin: False
        Is OE Registered: False
        Uses Analog: False
        Can contain Digital: True
        Is SIO: False
        SIO Output Buf: NONREGULATED
        SIO Input Buf: SINGLE_ENDED
        SIO HiFreq: LOW
        SIO Hyst: DISABLED
        SIO Vtrip: MULTIPLIER_0_5
        SIO Multiplier Index: 0
        SIO RefSel: VCC_IO
        Required Capabilities: DIGITAL
        Initial Value: 0
        IO Voltage: 0
    PORT MAP (
        pa_out => \LCD_Char_1:LCDPort(6)\__PA ,
        pad => \LCD_Char_1:LCDPort(6)_PAD\ );
    Properties:
    {
    }

[IoId=7]: 
Pin : Name = Echo(0)
    Attributes:
        In Group/Port: True
        In Sync Option: NOSYNC
        Out Sync Option: AUTO
        Interrupt generated: False
        Interrupt mode: NONE
        Drive mode: HI_Z_DIGITAL
        VTrip: CMOS
        Slew: FAST
        Input Sync needed: False
        Output Sync needed: False
        SC shield enabled: False
        POR State: ANY
        LCD Mode: COMMON
        Register Mode: RegComb
        CaSense Mode: NEITHER
        Treat as pin: True
        Is OE Registered: False
        Uses Analog: False
        Can contain Digital: True
        Is SIO: False
        SIO Output Buf: NONREGULATED
        SIO Input Buf: SINGLE_ENDED
        SIO HiFreq: LOW
        SIO Hyst: DISABLED
        SIO Vtrip: MULTIPLIER_0_5
        SIO Multiplier Index: 0
        SIO RefSel: VCC_IO
        Required Capabilities: DIGITAL, ROUTABLE
        Initial Value: 0
        IO Voltage: 0
    PORT MAP (
        pa_out => Echo(0)__PA ,
        fb => Net_6 ,
        pad => Echo(0)_PAD );
    Properties:
    {
    }

Port 3 contains the following IO cells:
[IoId=7]: 
Pin : Name = Trig(0)
    Attributes:
        In Group/Port: True
        In Sync Option: AUTO
        Out Sync Option: NOSYNC
        Interrupt generated: False
        Interrupt mode: NONE
        Drive mode: CMOS_OUT
        VTrip: EITHER
        Slew: FAST
        Input Sync needed: False
        Output Sync needed: False
        SC shield enabled: False
        POR State: ANY
        LCD Mode: COMMON
        Register Mode: RegComb
        CaSense Mode: NEITHER
        Treat as pin: True
        Is OE Registered: False
        Uses Analog: False
        Can contain Digital: True
        Is SIO: False
        SIO Output Buf: NONREGULATED
        SIO Input Buf: SINGLE_ENDED
        SIO HiFreq: LOW
        SIO Hyst: DISABLED
        SIO Vtrip: MULTIPLIER_0_5
        SIO Multiplier Index: 0
        SIO RefSel: VCC_IO
        Required Capabilities: DIGITAL, ROUTABLE
        Initial Value: 0
        IO Voltage: 0
    PORT MAP (
        pa_out => Trig(0)__PA ,
        pin_input => Net_12 ,
        pad => Trig(0)_PAD );
    Properties:
    {
    }

Port 12 contains the following IO cells:
Port 15 contains the following IO cells:
ARM group 0: empty
CAN group 0: empty
Cache group 0: empty
CapSense group 0: empty
Clock group 0: 
    Clock Block @ F(Clock,0): 
    clockblockcell: Name =ClockBlock
        PORT MAP (
            imo => ClockBlock_IMO ,
            pllout => ClockBlock_PLL_OUT ,
            ilo => ClockBlock_ILO ,
            clk_100k => ClockBlock_100k ,
            clk_1k => ClockBlock_1k ,
            clk_32k => ClockBlock_32k ,
            xtal => ClockBlock_XTAL ,
            clk_32k_xtal => ClockBlock_XTAL_32KHZ ,
            clk_sync => ClockBlock_MASTER_CLK ,
            clk_bus_glb => ClockBlock_BUS_CLK ,
            clk_bus => ClockBlock_BUS_CLK_local ,
            dclk_glb_0 => Net_10 ,
            dclk_0 => Net_10_local );
        Properties:
        {
        }
Comparator group 0: empty
DFB group 0: empty
DSM group 0: empty
Decimator group 0: empty
EMIF group 0: empty
I2C group 0: empty
LCD group 0: empty
LVD group 0: empty
PICU group 0: empty
PM group 0: empty
SC group 0: empty
SPC group 0: empty
Timer group 0: empty
USB group 0: empty
VIDAC group 0: empty
OpAmp group 0: empty
CsAbuf group 0: empty
Vref group 0: empty
LPF group 0: empty
SAR group 0: empty
ANAIF group 0: empty
PHUB group 0: empty
</CYPRESSTAG>
<CYPRESSTAG name="Port Configuration Details">

------------------------------------------------------------
Port Configuration report
------------------------------------------------------------
     |     |       | Interrupt |                  |                         | 
Port | Pin | Fixed |      Type |       Drive Mode |                    Name | Connections
-----+-----+-------+-----------+------------------+-------------------------+------------
   2 |   0 |     * |      NONE |         CMOS_OUT | \LCD_Char_1:LCDPort(0)\ | 
     |   1 |     * |      NONE |         CMOS_OUT | \LCD_Char_1:LCDPort(1)\ | 
     |   2 |     * |      NONE |         CMOS_OUT | \LCD_Char_1:LCDPort(2)\ | 
     |   3 |     * |      NONE |         CMOS_OUT | \LCD_Char_1:LCDPort(3)\ | 
     |   4 |     * |      NONE |         CMOS_OUT | \LCD_Char_1:LCDPort(4)\ | 
     |   5 |     * |      NONE |         CMOS_OUT | \LCD_Char_1:LCDPort(5)\ | 
     |   6 |     * |      NONE |         CMOS_OUT | \LCD_Char_1:LCDPort(6)\ | 
     |   7 |     * |      NONE |     HI_Z_DIGITAL |                 Echo(0) | FB(Net_6)
-----+-----+-------+-----------+------------------+-------------------------+------------
   3 |   7 |     * |      NONE |         CMOS_OUT |                 Trig(0) | In(Net_12)
-----------------------------------------------------------------------------------------
</CYPRESSTAG>
</CYPRESSTAG>
</CYPRESSTAG>
Digital component placer commit/Report: Elapsed time ==> 0s.027ms
Digital Placement phase: Elapsed time ==> 3s.836ms
</CYPRESSTAG>
<CYPRESSTAG name="Digital Routing">
"C:\Program Files (x86)\Cypress\PSoC Creator\4.4\PSoC Creator\bin/sjrouter.exe" --xml-path "C:\Program Files (x86)\Cypress\PSoC Creator\4.4\PSoC Creator\dev\psoc5/psoc5lp/route_arch-rrg.cydata" --vh2-path "PPAZ-4_r.vh2" --pcf-path "PPAZ-4.pco" --des-name "PPAZ-4" --dsf-path "PPAZ-4.dsf" --sdc-path "PPAZ-4.sdc" --lib-path "PPAZ-4_r.lib"
Routing successful.
Digital Routing phase: Elapsed time ==> 2s.053ms
</CYPRESSTAG>
<CYPRESSTAG name="Bitstream Generation">
Bitstream Generation phase: Elapsed time ==> 0s.275ms
</CYPRESSTAG>
<CYPRESSTAG name="Bitstream Verification">
Bitstream Verification phase: Elapsed time ==> 0s.064ms
</CYPRESSTAG>
<CYPRESSTAG name="Static timing analysis">
Timing report is in PPAZ-4_timing.html.
Static timing analysis phase: Elapsed time ==> 0s.392ms
</CYPRESSTAG>
<CYPRESSTAG name="Data reporting">
Data reporting phase: Elapsed time ==> 0s.000ms
</CYPRESSTAG>
<CYPRESSTAG name="Database update...">
Design database save phase: Elapsed time ==> 0s.286ms
</CYPRESSTAG>
cydsfit: Elapsed time ==> 8s.717ms
</CYPRESSTAG>
Fitter phase: Elapsed time ==> 8s.721ms
API generation phase: Elapsed time ==> 1s.359ms
Dependency generation phase: Elapsed time ==> 0s.014ms
Cleanup phase: Elapsed time ==> 0s.000ms
