ARM GAS  C:\Users\Admin\AppData\Local\Temp\ccwxkXY1.s 			page 1


   1              		.syntax unified
   2              		.cpu cortex-m3
   3              		.fpu softvfp
   4              		.eabi_attribute 20, 1
   5              		.eabi_attribute 21, 1
   6              		.eabi_attribute 23, 3
   7              		.eabi_attribute 24, 1
   8              		.eabi_attribute 25, 1
   9              		.eabi_attribute 26, 1
  10              		.eabi_attribute 30, 1
  11              		.eabi_attribute 34, 1
  12              		.eabi_attribute 18, 4
  13              		.thumb
  14              		.syntax unified
  15              		.file	"main.c"
  16              		.text
  17              	.Ltext0:
  18              		.cfi_sections	.debug_frame
  19              		.section	.text.main,"ax",%progbits
  20              		.align	2
  21              		.global	main
  22              		.thumb
  23              		.thumb_func
  24              		.type	main, %function
  25              	main:
  26              	.LFB63:
  27              		.file 1 "main.c"
   1:main.c        **** /* ========================================
   2:main.c        ****  *
   3:main.c        ****  * Copyright YOUR COMPANY, THE YEAR
   4:main.c        ****  * All Rights Reserved
   5:main.c        ****  * UNPUBLISHED, LICENSED SOFTWARE.
   6:main.c        ****  *
   7:main.c        ****  * CONFIDENTIAL AND PROPRIETARY INFORMATION
   8:main.c        ****  * WHICH IS THE PROPERTY OF your company.
   9:main.c        ****  *
  10:main.c        ****  * ========================================
  11:main.c        **** */
  12:main.c        **** #include "project.h"
  13:main.c        **** 
  14:main.c        **** uint16_t delay;
  15:main.c        **** 
  16:main.c        **** int main(void)
  17:main.c        **** {
  28              		.loc 1 17 0
  29              		.cfi_startproc
  30              		@ Volatile: function does not return.
  31              		@ args = 0, pretend = 0, frame = 0
  32              		@ frame_needed = 0, uses_anonymous_args = 0
  33 0000 08B5     		push	{r3, lr}
  34              		.cfi_def_cfa_offset 8
  35              		.cfi_offset 3, -8
  36              		.cfi_offset 14, -4
  18:main.c        ****     CyGlobalIntEnable; /* Enable global interrupts. */
  37              		.loc 1 18 0
  38              		.syntax unified
  39              	@ 18 "main.c" 1
ARM GAS  C:\Users\Admin\AppData\Local\Temp\ccwxkXY1.s 			page 2


  40 0002 62B6     		CPSIE   i
  41              	@ 0 "" 2
  19:main.c        ****     Timer_Start();
  42              		.loc 1 19 0
  43              		.thumb
  44              		.syntax unified
  45 0004 FFF7FEFF 		bl	Timer_Start
  46              	.LVL0:
  20:main.c        ****     LCD_Init();
  47              		.loc 1 20 0
  48 0008 FFF7FEFF 		bl	LCD_Init
  49              	.LVL1:
  21:main.c        ****     
  22:main.c        ****     LCD_Position(0, 0);
  50              		.loc 1 22 0
  51 000c 0021     		movs	r1, #0
  52 000e 0846     		mov	r0, r1
  53 0010 FFF7FEFF 		bl	LCD_Position
  54              	.LVL2:
  23:main.c        ****     LCD_PrintString("Distance:");
  55              		.loc 1 23 0
  56 0014 1F48     		ldr	r0, .L5
  57 0016 FFF7FEFF 		bl	LCD_PrintString
  58              	.LVL3:
  24:main.c        ****     CyDelay(1000);
  59              		.loc 1 24 0
  60 001a 4FF47A70 		mov	r0, #1000
  61 001e FFF7FEFF 		bl	CyDelay
  62              	.LVL4:
  63              	.L3:
  25:main.c        **** 
  26:main.c        ****     /* Place your initialization/startup code here (e.g. MyInst_Start()) */
  27:main.c        **** 
  28:main.c        ****     for(;;)
  29:main.c        ****     {
  30:main.c        ****         
  31:main.c        ****         Control_Write(0);
  64              		.loc 1 31 0
  65 0022 0020     		movs	r0, #0
  66 0024 FFF7FEFF 		bl	Control_Write
  67              	.LVL5:
  32:main.c        ****         CyDelayUs(2);
  68              		.loc 1 32 0
  69 0028 0220     		movs	r0, #2
  70 002a FFF7FEFF 		bl	CyDelayUs
  71              	.LVL6:
  33:main.c        ****         Control_Write(1);
  72              		.loc 1 33 0
  73 002e 0120     		movs	r0, #1
  74 0030 FFF7FEFF 		bl	Control_Write
  75              	.LVL7:
  34:main.c        ****         CyDelayUs(10);
  76              		.loc 1 34 0
  77 0034 0A20     		movs	r0, #10
  78 0036 FFF7FEFF 		bl	CyDelayUs
  79              	.LVL8:
  35:main.c        ****         Control_Write(0);
ARM GAS  C:\Users\Admin\AppData\Local\Temp\ccwxkXY1.s 			page 3


  80              		.loc 1 35 0
  81 003a 0020     		movs	r0, #0
  82 003c FFF7FEFF 		bl	Control_Write
  83              	.LVL9:
  36:main.c        ****         CyDelayUs(500);
  84              		.loc 1 36 0
  85 0040 4FF4FA70 		mov	r0, #500
  86 0044 FFF7FEFF 		bl	CyDelayUs
  87              	.LVL10:
  88              	.L2:
  37:main.c        ****         /* Place your application code here. */
  38:main.c        ****         
  39:main.c        ****         while(Echo_Read() == 1){}
  89              		.loc 1 39 0 discriminator 1
  90 0048 FFF7FEFF 		bl	Echo_Read
  91              	.LVL11:
  92 004c 0128     		cmp	r0, #1
  93 004e FBD0     		beq	.L2
  40:main.c        ****         
  41:main.c        ****         delay = (65535 - Timer_ReadCounter())/58;
  94              		.loc 1 41 0
  95 0050 FFF7FEFF 		bl	Timer_ReadCounter
  96              	.LVL12:
  97 0054 C0F57F40 		rsb	r0, r0, #65280
  98 0058 FF30     		adds	r0, r0, #255
  99 005a 0F4B     		ldr	r3, .L5+4
 100 005c 83FB0023 		smull	r2, r3, r3, r0
 101 0060 0344     		add	r3, r3, r0
 102 0062 C017     		asrs	r0, r0, #31
 103 0064 C0EB6310 		rsb	r0, r0, r3, asr #5
 104 0068 0C4C     		ldr	r4, .L5+8
 105 006a 2080     		strh	r0, [r4]	@ movhi
  42:main.c        ****         
  43:main.c        ****         LCD_Position(1, 0);
 106              		.loc 1 43 0
 107 006c 0021     		movs	r1, #0
 108 006e 0120     		movs	r0, #1
 109 0070 FFF7FEFF 		bl	LCD_Position
 110              	.LVL13:
  44:main.c        ****         LCD_PrintString("         ");
 111              		.loc 1 44 0
 112 0074 0A48     		ldr	r0, .L5+12
 113 0076 FFF7FEFF 		bl	LCD_PrintString
 114              	.LVL14:
  45:main.c        ****         LCD_Position(1, 0);
 115              		.loc 1 45 0
 116 007a 0021     		movs	r1, #0
 117 007c 0120     		movs	r0, #1
 118 007e FFF7FEFF 		bl	LCD_Position
 119              	.LVL15:
  46:main.c        ****         LCD_PrintNumber(delay);
 120              		.loc 1 46 0
 121 0082 2088     		ldrh	r0, [r4]
 122 0084 FFF7FEFF 		bl	LCD_PrintU32Number
 123              	.LVL16:
  47:main.c        ****         
  48:main.c        ****         CyDelay(500);
ARM GAS  C:\Users\Admin\AppData\Local\Temp\ccwxkXY1.s 			page 4


 124              		.loc 1 48 0
 125 0088 4FF4FA70 		mov	r0, #500
 126 008c FFF7FEFF 		bl	CyDelay
 127              	.LVL17:
  49:main.c        ****     }
 128              		.loc 1 49 0
 129 0090 C7E7     		b	.L3
 130              	.L6:
 131 0092 00BF     		.align	2
 132              	.L5:
 133 0094 00000000 		.word	.LC0
 134 0098 09CB3D8D 		.word	-1925330167
 135 009c 00000000 		.word	delay
 136 00a0 0C000000 		.word	.LC1
 137              		.cfi_endproc
 138              	.LFE63:
 139              		.size	main, .-main
 140              		.comm	delay,2,2
 141              		.section	.rodata.str1.4,"aMS",%progbits,1
 142              		.align	2
 143              	.LC0:
 144 0000 44697374 		.ascii	"Distance:\000"
 144      616E6365 
 144      3A00
 145 000a 0000     		.space	2
 146              	.LC1:
 147 000c 20202020 		.ascii	"         \000"
 147      20202020 
 147      2000
 148              		.text
 149              	.Letext0:
 150              		.file 2 "c:\\program files (x86)\\cypress\\psoc creator\\4.3\\psoc creator\\import\\gnu\\arm\\5.4.
 151              		.file 3 "c:\\program files (x86)\\cypress\\psoc creator\\4.3\\psoc creator\\import\\gnu\\arm\\5.4.
 152              		.file 4 "Generated_Source\\PSoC5/cytypes.h"
 153              		.file 5 "Generated_Source\\PSoC5/core_cm3.h"
 154              		.file 6 "Generated_Source\\PSoC5/Timer.h"
 155              		.file 7 "Generated_Source\\PSoC5/LCD.h"
 156              		.file 8 "Generated_Source\\PSoC5/CyLib.h"
 157              		.file 9 "Generated_Source\\PSoC5/Control.h"
 158              		.file 10 "Generated_Source\\PSoC5/Echo.h"
 159              		.section	.debug_info,"",%progbits
 160              	.Ldebug_info0:
 161 0000 AA020000 		.4byte	0x2aa
 162 0004 0400     		.2byte	0x4
 163 0006 00000000 		.4byte	.Ldebug_abbrev0
 164 000a 04       		.byte	0x4
 165 000b 01       		.uleb128 0x1
 166 000c 60000000 		.4byte	.LASF31
 167 0010 0C       		.byte	0xc
 168 0011 D7010000 		.4byte	.LASF32
 169 0015 00000000 		.4byte	.LASF33
 170 0019 00000000 		.4byte	.Ldebug_ranges0+0
 171 001d 00000000 		.4byte	0
 172 0021 00000000 		.4byte	.Ldebug_line0
 173 0025 02       		.uleb128 0x2
 174 0026 01       		.byte	0x1
 175 0027 06       		.byte	0x6
ARM GAS  C:\Users\Admin\AppData\Local\Temp\ccwxkXY1.s 			page 5


 176 0028 14020000 		.4byte	.LASF0
 177 002c 02       		.uleb128 0x2
 178 002d 01       		.byte	0x1
 179 002e 08       		.byte	0x8
 180 002f 52000000 		.4byte	.LASF1
 181 0033 02       		.uleb128 0x2
 182 0034 02       		.byte	0x2
 183 0035 05       		.byte	0x5
 184 0036 EC010000 		.4byte	.LASF2
 185 003a 03       		.uleb128 0x3
 186 003b 20010000 		.4byte	.LASF4
 187 003f 02       		.byte	0x2
 188 0040 2B       		.byte	0x2b
 189 0041 45000000 		.4byte	0x45
 190 0045 02       		.uleb128 0x2
 191 0046 02       		.byte	0x2
 192 0047 07       		.byte	0x7
 193 0048 00010000 		.4byte	.LASF3
 194 004c 03       		.uleb128 0x3
 195 004d 22000000 		.4byte	.LASF5
 196 0051 02       		.byte	0x2
 197 0052 3F       		.byte	0x3f
 198 0053 57000000 		.4byte	0x57
 199 0057 02       		.uleb128 0x2
 200 0058 04       		.byte	0x4
 201 0059 05       		.byte	0x5
 202 005a FF010000 		.4byte	.LASF6
 203 005e 02       		.uleb128 0x2
 204 005f 04       		.byte	0x4
 205 0060 07       		.byte	0x7
 206 0061 EE000000 		.4byte	.LASF7
 207 0065 02       		.uleb128 0x2
 208 0066 08       		.byte	0x8
 209 0067 05       		.byte	0x5
 210 0068 C9010000 		.4byte	.LASF8
 211 006c 02       		.uleb128 0x2
 212 006d 08       		.byte	0x8
 213 006e 07       		.byte	0x7
 214 006f 7B010000 		.4byte	.LASF9
 215 0073 04       		.uleb128 0x4
 216 0074 04       		.byte	0x4
 217 0075 05       		.byte	0x5
 218 0076 696E7400 		.ascii	"int\000"
 219 007a 02       		.uleb128 0x2
 220 007b 04       		.byte	0x4
 221 007c 07       		.byte	0x7
 222 007d 64010000 		.4byte	.LASF10
 223 0081 03       		.uleb128 0x3
 224 0082 F6010000 		.4byte	.LASF11
 225 0086 03       		.byte	0x3
 226 0087 24       		.byte	0x24
 227 0088 3A000000 		.4byte	0x3a
 228 008c 03       		.uleb128 0x3
 229 008d 3E000000 		.4byte	.LASF12
 230 0091 03       		.byte	0x3
 231 0092 2C       		.byte	0x2c
 232 0093 4C000000 		.4byte	0x4c
ARM GAS  C:\Users\Admin\AppData\Local\Temp\ccwxkXY1.s 			page 6


 233 0097 05       		.uleb128 0x5
 234 0098 32010000 		.4byte	.LASF13
 235 009c 04       		.byte	0x4
 236 009d E501     		.2byte	0x1e5
 237 009f 45000000 		.4byte	0x45
 238 00a3 02       		.uleb128 0x2
 239 00a4 04       		.byte	0x4
 240 00a5 04       		.byte	0x4
 241 00a6 46000000 		.4byte	.LASF14
 242 00aa 02       		.uleb128 0x2
 243 00ab 08       		.byte	0x8
 244 00ac 04       		.byte	0x4
 245 00ad 2B010000 		.4byte	.LASF15
 246 00b1 02       		.uleb128 0x2
 247 00b2 01       		.byte	0x1
 248 00b3 08       		.byte	0x8
 249 00b4 DE010000 		.4byte	.LASF16
 250 00b8 02       		.uleb128 0x2
 251 00b9 08       		.byte	0x8
 252 00ba 04       		.byte	0x4
 253 00bb 08020000 		.4byte	.LASF17
 254 00bf 02       		.uleb128 0x2
 255 00c0 04       		.byte	0x4
 256 00c1 07       		.byte	0x7
 257 00c2 C0010000 		.4byte	.LASF18
 258 00c6 06       		.uleb128 0x6
 259 00c7 39010000 		.4byte	.LASF34
 260 00cb 01       		.byte	0x1
 261 00cc 10       		.byte	0x10
 262 00cd 73000000 		.4byte	0x73
 263 00d1 00000000 		.4byte	.LFB63
 264 00d5 A4000000 		.4byte	.LFE63-.LFB63
 265 00d9 01       		.uleb128 0x1
 266 00da 9C       		.byte	0x9c
 267 00db 1D020000 		.4byte	0x21d
 268 00df 07       		.uleb128 0x7
 269 00e0 08000000 		.4byte	.LVL0
 270 00e4 3F020000 		.4byte	0x23f
 271 00e8 07       		.uleb128 0x7
 272 00e9 0C000000 		.4byte	.LVL1
 273 00ed 4A020000 		.4byte	0x24a
 274 00f1 08       		.uleb128 0x8
 275 00f2 14000000 		.4byte	.LVL2
 276 00f6 55020000 		.4byte	0x255
 277 00fa 09010000 		.4byte	0x109
 278 00fe 09       		.uleb128 0x9
 279 00ff 01       		.uleb128 0x1
 280 0100 50       		.byte	0x50
 281 0101 01       		.uleb128 0x1
 282 0102 30       		.byte	0x30
 283 0103 09       		.uleb128 0x9
 284 0104 01       		.uleb128 0x1
 285 0105 51       		.byte	0x51
 286 0106 01       		.uleb128 0x1
 287 0107 30       		.byte	0x30
 288 0108 00       		.byte	0
 289 0109 08       		.uleb128 0x8
ARM GAS  C:\Users\Admin\AppData\Local\Temp\ccwxkXY1.s 			page 7


 290 010a 1A000000 		.4byte	.LVL3
 291 010e 60020000 		.4byte	0x260
 292 0112 20010000 		.4byte	0x120
 293 0116 09       		.uleb128 0x9
 294 0117 01       		.uleb128 0x1
 295 0118 50       		.byte	0x50
 296 0119 05       		.uleb128 0x5
 297 011a 03       		.byte	0x3
 298 011b 00000000 		.4byte	.LC0
 299 011f 00       		.byte	0
 300 0120 08       		.uleb128 0x8
 301 0121 22000000 		.4byte	.LVL4
 302 0125 6B020000 		.4byte	0x26b
 303 0129 35010000 		.4byte	0x135
 304 012d 09       		.uleb128 0x9
 305 012e 01       		.uleb128 0x1
 306 012f 50       		.byte	0x50
 307 0130 03       		.uleb128 0x3
 308 0131 0A       		.byte	0xa
 309 0132 E803     		.2byte	0x3e8
 310 0134 00       		.byte	0
 311 0135 08       		.uleb128 0x8
 312 0136 28000000 		.4byte	.LVL5
 313 013a 76020000 		.4byte	0x276
 314 013e 48010000 		.4byte	0x148
 315 0142 09       		.uleb128 0x9
 316 0143 01       		.uleb128 0x1
 317 0144 50       		.byte	0x50
 318 0145 01       		.uleb128 0x1
 319 0146 30       		.byte	0x30
 320 0147 00       		.byte	0
 321 0148 08       		.uleb128 0x8
 322 0149 2E000000 		.4byte	.LVL6
 323 014d 81020000 		.4byte	0x281
 324 0151 5B010000 		.4byte	0x15b
 325 0155 09       		.uleb128 0x9
 326 0156 01       		.uleb128 0x1
 327 0157 50       		.byte	0x50
 328 0158 01       		.uleb128 0x1
 329 0159 32       		.byte	0x32
 330 015a 00       		.byte	0
 331 015b 08       		.uleb128 0x8
 332 015c 34000000 		.4byte	.LVL7
 333 0160 76020000 		.4byte	0x276
 334 0164 6E010000 		.4byte	0x16e
 335 0168 09       		.uleb128 0x9
 336 0169 01       		.uleb128 0x1
 337 016a 50       		.byte	0x50
 338 016b 01       		.uleb128 0x1
 339 016c 31       		.byte	0x31
 340 016d 00       		.byte	0
 341 016e 08       		.uleb128 0x8
 342 016f 3A000000 		.4byte	.LVL8
 343 0173 81020000 		.4byte	0x281
 344 0177 81010000 		.4byte	0x181
 345 017b 09       		.uleb128 0x9
 346 017c 01       		.uleb128 0x1
ARM GAS  C:\Users\Admin\AppData\Local\Temp\ccwxkXY1.s 			page 8


 347 017d 50       		.byte	0x50
 348 017e 01       		.uleb128 0x1
 349 017f 3A       		.byte	0x3a
 350 0180 00       		.byte	0
 351 0181 08       		.uleb128 0x8
 352 0182 40000000 		.4byte	.LVL9
 353 0186 76020000 		.4byte	0x276
 354 018a 94010000 		.4byte	0x194
 355 018e 09       		.uleb128 0x9
 356 018f 01       		.uleb128 0x1
 357 0190 50       		.byte	0x50
 358 0191 01       		.uleb128 0x1
 359 0192 30       		.byte	0x30
 360 0193 00       		.byte	0
 361 0194 08       		.uleb128 0x8
 362 0195 48000000 		.4byte	.LVL10
 363 0199 81020000 		.4byte	0x281
 364 019d A9010000 		.4byte	0x1a9
 365 01a1 09       		.uleb128 0x9
 366 01a2 01       		.uleb128 0x1
 367 01a3 50       		.byte	0x50
 368 01a4 03       		.uleb128 0x3
 369 01a5 0A       		.byte	0xa
 370 01a6 F401     		.2byte	0x1f4
 371 01a8 00       		.byte	0
 372 01a9 07       		.uleb128 0x7
 373 01aa 4C000000 		.4byte	.LVL11
 374 01ae 8C020000 		.4byte	0x28c
 375 01b2 07       		.uleb128 0x7
 376 01b3 54000000 		.4byte	.LVL12
 377 01b7 97020000 		.4byte	0x297
 378 01bb 08       		.uleb128 0x8
 379 01bc 74000000 		.4byte	.LVL13
 380 01c0 55020000 		.4byte	0x255
 381 01c4 D3010000 		.4byte	0x1d3
 382 01c8 09       		.uleb128 0x9
 383 01c9 01       		.uleb128 0x1
 384 01ca 50       		.byte	0x50
 385 01cb 01       		.uleb128 0x1
 386 01cc 31       		.byte	0x31
 387 01cd 09       		.uleb128 0x9
 388 01ce 01       		.uleb128 0x1
 389 01cf 51       		.byte	0x51
 390 01d0 01       		.uleb128 0x1
 391 01d1 30       		.byte	0x30
 392 01d2 00       		.byte	0
 393 01d3 08       		.uleb128 0x8
 394 01d4 7A000000 		.4byte	.LVL14
 395 01d8 60020000 		.4byte	0x260
 396 01dc EA010000 		.4byte	0x1ea
 397 01e0 09       		.uleb128 0x9
 398 01e1 01       		.uleb128 0x1
 399 01e2 50       		.byte	0x50
 400 01e3 05       		.uleb128 0x5
 401 01e4 03       		.byte	0x3
 402 01e5 0C000000 		.4byte	.LC1
 403 01e9 00       		.byte	0
ARM GAS  C:\Users\Admin\AppData\Local\Temp\ccwxkXY1.s 			page 9


 404 01ea 08       		.uleb128 0x8
 405 01eb 82000000 		.4byte	.LVL15
 406 01ef 55020000 		.4byte	0x255
 407 01f3 02020000 		.4byte	0x202
 408 01f7 09       		.uleb128 0x9
 409 01f8 01       		.uleb128 0x1
 410 01f9 50       		.byte	0x50
 411 01fa 01       		.uleb128 0x1
 412 01fb 31       		.byte	0x31
 413 01fc 09       		.uleb128 0x9
 414 01fd 01       		.uleb128 0x1
 415 01fe 51       		.byte	0x51
 416 01ff 01       		.uleb128 0x1
 417 0200 30       		.byte	0x30
 418 0201 00       		.byte	0
 419 0202 07       		.uleb128 0x7
 420 0203 88000000 		.4byte	.LVL16
 421 0207 A2020000 		.4byte	0x2a2
 422 020b 0A       		.uleb128 0xa
 423 020c 90000000 		.4byte	.LVL17
 424 0210 6B020000 		.4byte	0x26b
 425 0214 09       		.uleb128 0x9
 426 0215 01       		.uleb128 0x1
 427 0216 50       		.byte	0x50
 428 0217 03       		.uleb128 0x3
 429 0218 0A       		.byte	0xa
 430 0219 F401     		.2byte	0x1f4
 431 021b 00       		.byte	0
 432 021c 00       		.byte	0
 433 021d 0B       		.uleb128 0xb
 434 021e 13010000 		.4byte	.LASF19
 435 0222 05       		.byte	0x5
 436 0223 1207     		.2byte	0x712
 437 0225 29020000 		.4byte	0x229
 438 0229 0C       		.uleb128 0xc
 439 022a 8C000000 		.4byte	0x8c
 440 022e 0D       		.uleb128 0xd
 441 022f 4C000000 		.4byte	.LASF20
 442 0233 01       		.byte	0x1
 443 0234 0E       		.byte	0xe
 444 0235 81000000 		.4byte	0x81
 445 0239 05       		.uleb128 0x5
 446 023a 03       		.byte	0x3
 447 023b 00000000 		.4byte	delay
 448 023f 0E       		.uleb128 0xe
 449 0240 58010000 		.4byte	.LASF21
 450 0244 58010000 		.4byte	.LASF21
 451 0248 06       		.byte	0x6
 452 0249 5A       		.byte	0x5a
 453 024a 0E       		.uleb128 0xe
 454 024b E3010000 		.4byte	.LASF22
 455 024f E3010000 		.4byte	.LASF22
 456 0253 07       		.byte	0x7
 457 0254 36       		.byte	0x36
 458 0255 0E       		.uleb128 0xe
 459 0256 92010000 		.4byte	.LASF23
 460 025a 92010000 		.4byte	.LASF23
ARM GAS  C:\Users\Admin\AppData\Local\Temp\ccwxkXY1.s 			page 10


 461 025e 07       		.byte	0x7
 462 025f 3D       		.byte	0x3d
 463 0260 0E       		.uleb128 0xe
 464 0261 3E010000 		.4byte	.LASF24
 465 0265 3E010000 		.4byte	.LASF24
 466 0269 07       		.byte	0x7
 467 026a 3C       		.byte	0x3c
 468 026b 0E       		.uleb128 0xe
 469 026c 20020000 		.4byte	.LASF25
 470 0270 20020000 		.4byte	.LASF25
 471 0274 08       		.byte	0x8
 472 0275 76       		.byte	0x76
 473 0276 0E       		.uleb128 0xe
 474 0277 B2010000 		.4byte	.LASF26
 475 027b B2010000 		.4byte	.LASF26
 476 027f 09       		.byte	0x9
 477 0280 2F       		.byte	0x2f
 478 0281 0E       		.uleb128 0xe
 479 0282 4E010000 		.4byte	.LASF27
 480 0286 4E010000 		.4byte	.LASF27
 481 028a 08       		.byte	0x8
 482 028b 77       		.byte	0x77
 483 028c 0E       		.uleb128 0xe
 484 028d 71010000 		.4byte	.LASF28
 485 0291 71010000 		.4byte	.LASF28
 486 0295 0A       		.byte	0xa
 487 0296 29       		.byte	0x29
 488 0297 0E       		.uleb128 0xe
 489 0298 2C000000 		.4byte	.LASF29
 490 029c 2C000000 		.4byte	.LASF29
 491 02a0 06       		.byte	0x6
 492 02a1 69       		.byte	0x69
 493 02a2 0E       		.uleb128 0xe
 494 02a3 9F010000 		.4byte	.LASF30
 495 02a7 9F010000 		.4byte	.LASF30
 496 02ab 07       		.byte	0x7
 497 02ac 61       		.byte	0x61
 498 02ad 00       		.byte	0
 499              		.section	.debug_abbrev,"",%progbits
 500              	.Ldebug_abbrev0:
 501 0000 01       		.uleb128 0x1
 502 0001 11       		.uleb128 0x11
 503 0002 01       		.byte	0x1
 504 0003 25       		.uleb128 0x25
 505 0004 0E       		.uleb128 0xe
 506 0005 13       		.uleb128 0x13
 507 0006 0B       		.uleb128 0xb
 508 0007 03       		.uleb128 0x3
 509 0008 0E       		.uleb128 0xe
 510 0009 1B       		.uleb128 0x1b
 511 000a 0E       		.uleb128 0xe
 512 000b 55       		.uleb128 0x55
 513 000c 17       		.uleb128 0x17
 514 000d 11       		.uleb128 0x11
 515 000e 01       		.uleb128 0x1
 516 000f 10       		.uleb128 0x10
 517 0010 17       		.uleb128 0x17
ARM GAS  C:\Users\Admin\AppData\Local\Temp\ccwxkXY1.s 			page 11


 518 0011 00       		.byte	0
 519 0012 00       		.byte	0
 520 0013 02       		.uleb128 0x2
 521 0014 24       		.uleb128 0x24
 522 0015 00       		.byte	0
 523 0016 0B       		.uleb128 0xb
 524 0017 0B       		.uleb128 0xb
 525 0018 3E       		.uleb128 0x3e
 526 0019 0B       		.uleb128 0xb
 527 001a 03       		.uleb128 0x3
 528 001b 0E       		.uleb128 0xe
 529 001c 00       		.byte	0
 530 001d 00       		.byte	0
 531 001e 03       		.uleb128 0x3
 532 001f 16       		.uleb128 0x16
 533 0020 00       		.byte	0
 534 0021 03       		.uleb128 0x3
 535 0022 0E       		.uleb128 0xe
 536 0023 3A       		.uleb128 0x3a
 537 0024 0B       		.uleb128 0xb
 538 0025 3B       		.uleb128 0x3b
 539 0026 0B       		.uleb128 0xb
 540 0027 49       		.uleb128 0x49
 541 0028 13       		.uleb128 0x13
 542 0029 00       		.byte	0
 543 002a 00       		.byte	0
 544 002b 04       		.uleb128 0x4
 545 002c 24       		.uleb128 0x24
 546 002d 00       		.byte	0
 547 002e 0B       		.uleb128 0xb
 548 002f 0B       		.uleb128 0xb
 549 0030 3E       		.uleb128 0x3e
 550 0031 0B       		.uleb128 0xb
 551 0032 03       		.uleb128 0x3
 552 0033 08       		.uleb128 0x8
 553 0034 00       		.byte	0
 554 0035 00       		.byte	0
 555 0036 05       		.uleb128 0x5
 556 0037 16       		.uleb128 0x16
 557 0038 00       		.byte	0
 558 0039 03       		.uleb128 0x3
 559 003a 0E       		.uleb128 0xe
 560 003b 3A       		.uleb128 0x3a
 561 003c 0B       		.uleb128 0xb
 562 003d 3B       		.uleb128 0x3b
 563 003e 05       		.uleb128 0x5
 564 003f 49       		.uleb128 0x49
 565 0040 13       		.uleb128 0x13
 566 0041 00       		.byte	0
 567 0042 00       		.byte	0
 568 0043 06       		.uleb128 0x6
 569 0044 2E       		.uleb128 0x2e
 570 0045 01       		.byte	0x1
 571 0046 3F       		.uleb128 0x3f
 572 0047 19       		.uleb128 0x19
 573 0048 03       		.uleb128 0x3
 574 0049 0E       		.uleb128 0xe
ARM GAS  C:\Users\Admin\AppData\Local\Temp\ccwxkXY1.s 			page 12


 575 004a 3A       		.uleb128 0x3a
 576 004b 0B       		.uleb128 0xb
 577 004c 3B       		.uleb128 0x3b
 578 004d 0B       		.uleb128 0xb
 579 004e 27       		.uleb128 0x27
 580 004f 19       		.uleb128 0x19
 581 0050 49       		.uleb128 0x49
 582 0051 13       		.uleb128 0x13
 583 0052 8701     		.uleb128 0x87
 584 0054 19       		.uleb128 0x19
 585 0055 11       		.uleb128 0x11
 586 0056 01       		.uleb128 0x1
 587 0057 12       		.uleb128 0x12
 588 0058 06       		.uleb128 0x6
 589 0059 40       		.uleb128 0x40
 590 005a 18       		.uleb128 0x18
 591 005b 9742     		.uleb128 0x2117
 592 005d 19       		.uleb128 0x19
 593 005e 01       		.uleb128 0x1
 594 005f 13       		.uleb128 0x13
 595 0060 00       		.byte	0
 596 0061 00       		.byte	0
 597 0062 07       		.uleb128 0x7
 598 0063 898201   		.uleb128 0x4109
 599 0066 00       		.byte	0
 600 0067 11       		.uleb128 0x11
 601 0068 01       		.uleb128 0x1
 602 0069 31       		.uleb128 0x31
 603 006a 13       		.uleb128 0x13
 604 006b 00       		.byte	0
 605 006c 00       		.byte	0
 606 006d 08       		.uleb128 0x8
 607 006e 898201   		.uleb128 0x4109
 608 0071 01       		.byte	0x1
 609 0072 11       		.uleb128 0x11
 610 0073 01       		.uleb128 0x1
 611 0074 31       		.uleb128 0x31
 612 0075 13       		.uleb128 0x13
 613 0076 01       		.uleb128 0x1
 614 0077 13       		.uleb128 0x13
 615 0078 00       		.byte	0
 616 0079 00       		.byte	0
 617 007a 09       		.uleb128 0x9
 618 007b 8A8201   		.uleb128 0x410a
 619 007e 00       		.byte	0
 620 007f 02       		.uleb128 0x2
 621 0080 18       		.uleb128 0x18
 622 0081 9142     		.uleb128 0x2111
 623 0083 18       		.uleb128 0x18
 624 0084 00       		.byte	0
 625 0085 00       		.byte	0
 626 0086 0A       		.uleb128 0xa
 627 0087 898201   		.uleb128 0x4109
 628 008a 01       		.byte	0x1
 629 008b 11       		.uleb128 0x11
 630 008c 01       		.uleb128 0x1
 631 008d 31       		.uleb128 0x31
ARM GAS  C:\Users\Admin\AppData\Local\Temp\ccwxkXY1.s 			page 13


 632 008e 13       		.uleb128 0x13
 633 008f 00       		.byte	0
 634 0090 00       		.byte	0
 635 0091 0B       		.uleb128 0xb
 636 0092 34       		.uleb128 0x34
 637 0093 00       		.byte	0
 638 0094 03       		.uleb128 0x3
 639 0095 0E       		.uleb128 0xe
 640 0096 3A       		.uleb128 0x3a
 641 0097 0B       		.uleb128 0xb
 642 0098 3B       		.uleb128 0x3b
 643 0099 05       		.uleb128 0x5
 644 009a 49       		.uleb128 0x49
 645 009b 13       		.uleb128 0x13
 646 009c 3F       		.uleb128 0x3f
 647 009d 19       		.uleb128 0x19
 648 009e 3C       		.uleb128 0x3c
 649 009f 19       		.uleb128 0x19
 650 00a0 00       		.byte	0
 651 00a1 00       		.byte	0
 652 00a2 0C       		.uleb128 0xc
 653 00a3 35       		.uleb128 0x35
 654 00a4 00       		.byte	0
 655 00a5 49       		.uleb128 0x49
 656 00a6 13       		.uleb128 0x13
 657 00a7 00       		.byte	0
 658 00a8 00       		.byte	0
 659 00a9 0D       		.uleb128 0xd
 660 00aa 34       		.uleb128 0x34
 661 00ab 00       		.byte	0
 662 00ac 03       		.uleb128 0x3
 663 00ad 0E       		.uleb128 0xe
 664 00ae 3A       		.uleb128 0x3a
 665 00af 0B       		.uleb128 0xb
 666 00b0 3B       		.uleb128 0x3b
 667 00b1 0B       		.uleb128 0xb
 668 00b2 49       		.uleb128 0x49
 669 00b3 13       		.uleb128 0x13
 670 00b4 3F       		.uleb128 0x3f
 671 00b5 19       		.uleb128 0x19
 672 00b6 02       		.uleb128 0x2
 673 00b7 18       		.uleb128 0x18
 674 00b8 00       		.byte	0
 675 00b9 00       		.byte	0
 676 00ba 0E       		.uleb128 0xe
 677 00bb 2E       		.uleb128 0x2e
 678 00bc 00       		.byte	0
 679 00bd 3F       		.uleb128 0x3f
 680 00be 19       		.uleb128 0x19
 681 00bf 3C       		.uleb128 0x3c
 682 00c0 19       		.uleb128 0x19
 683 00c1 6E       		.uleb128 0x6e
 684 00c2 0E       		.uleb128 0xe
 685 00c3 03       		.uleb128 0x3
 686 00c4 0E       		.uleb128 0xe
 687 00c5 3A       		.uleb128 0x3a
 688 00c6 0B       		.uleb128 0xb
ARM GAS  C:\Users\Admin\AppData\Local\Temp\ccwxkXY1.s 			page 14


 689 00c7 3B       		.uleb128 0x3b
 690 00c8 0B       		.uleb128 0xb
 691 00c9 00       		.byte	0
 692 00ca 00       		.byte	0
 693 00cb 00       		.byte	0
 694              		.section	.debug_aranges,"",%progbits
 695 0000 1C000000 		.4byte	0x1c
 696 0004 0200     		.2byte	0x2
 697 0006 00000000 		.4byte	.Ldebug_info0
 698 000a 04       		.byte	0x4
 699 000b 00       		.byte	0
 700 000c 0000     		.2byte	0
 701 000e 0000     		.2byte	0
 702 0010 00000000 		.4byte	.LFB63
 703 0014 A4000000 		.4byte	.LFE63-.LFB63
 704 0018 00000000 		.4byte	0
 705 001c 00000000 		.4byte	0
 706              		.section	.debug_ranges,"",%progbits
 707              	.Ldebug_ranges0:
 708 0000 00000000 		.4byte	.LFB63
 709 0004 A4000000 		.4byte	.LFE63
 710 0008 00000000 		.4byte	0
 711 000c 00000000 		.4byte	0
 712              		.section	.debug_line,"",%progbits
 713              	.Ldebug_line0:
 714 0000 AF010000 		.section	.debug_str,"MS",%progbits,1
 714      02008201 
 714      00000201 
 714      FB0E0D00 
 714      01010101 
 715              	.LASF33:
 716 0000 443A5C50 		.ascii	"D:\\PAZ_lab\\lab_1\\ppaz_lab_4.cydsn\000"
 716      415A5F6C 
 716      61625C6C 
 716      61625F31 
 716      5C707061 
 717              	.LASF5:
 718 0022 5F5F696E 		.ascii	"__int32_t\000"
 718      7433325F 
 718      7400
 719              	.LASF29:
 720 002c 54696D65 		.ascii	"Timer_ReadCounter\000"
 720      725F5265 
 720      6164436F 
 720      756E7465 
 720      7200
 721              	.LASF12:
 722 003e 696E7433 		.ascii	"int32_t\000"
 722      325F7400 
 723              	.LASF14:
 724 0046 666C6F61 		.ascii	"float\000"
 724      7400
 725              	.LASF20:
 726 004c 64656C61 		.ascii	"delay\000"
 726      7900
 727              	.LASF1:
 728 0052 756E7369 		.ascii	"unsigned char\000"
ARM GAS  C:\Users\Admin\AppData\Local\Temp\ccwxkXY1.s 			page 15


 728      676E6564 
 728      20636861 
 728      7200
 729              	.LASF31:
 730 0060 474E5520 		.ascii	"GNU C11 5.4.1 20160609 (release) [ARM/embedded-5-br"
 730      43313120 
 730      352E342E 
 730      31203230 
 730      31363036 
 731 0093 616E6368 		.ascii	"anch revision 237715] -mcpu=cortex-m3 -mthumb -g -O"
 731      20726576 
 731      6973696F 
 731      6E203233 
 731      37373135 
 732 00c6 67202D66 		.ascii	"g -ffunction-sections -ffat-lto-objects\000"
 732      66756E63 
 732      74696F6E 
 732      2D736563 
 732      74696F6E 
 733              	.LASF7:
 734 00ee 6C6F6E67 		.ascii	"long unsigned int\000"
 734      20756E73 
 734      69676E65 
 734      6420696E 
 734      7400
 735              	.LASF3:
 736 0100 73686F72 		.ascii	"short unsigned int\000"
 736      7420756E 
 736      7369676E 
 736      65642069 
 736      6E7400
 737              	.LASF19:
 738 0113 49544D5F 		.ascii	"ITM_RxBuffer\000"
 738      52784275 
 738      66666572 
 738      00
 739              	.LASF4:
 740 0120 5F5F7569 		.ascii	"__uint16_t\000"
 740      6E743136 
 740      5F7400
 741              	.LASF15:
 742 012b 646F7562 		.ascii	"double\000"
 742      6C6500
 743              	.LASF13:
 744 0132 75696E74 		.ascii	"uint16\000"
 744      313600
 745              	.LASF34:
 746 0139 6D61696E 		.ascii	"main\000"
 746      00
 747              	.LASF24:
 748 013e 4C43445F 		.ascii	"LCD_PrintString\000"
 748      5072696E 
 748      74537472 
 748      696E6700 
 749              	.LASF27:
 750 014e 43794465 		.ascii	"CyDelayUs\000"
 750      6C617955 
ARM GAS  C:\Users\Admin\AppData\Local\Temp\ccwxkXY1.s 			page 16


 750      7300
 751              	.LASF21:
 752 0158 54696D65 		.ascii	"Timer_Start\000"
 752      725F5374 
 752      61727400 
 753              	.LASF10:
 754 0164 756E7369 		.ascii	"unsigned int\000"
 754      676E6564 
 754      20696E74 
 754      00
 755              	.LASF28:
 756 0171 4563686F 		.ascii	"Echo_Read\000"
 756      5F526561 
 756      6400
 757              	.LASF9:
 758 017b 6C6F6E67 		.ascii	"long long unsigned int\000"
 758      206C6F6E 
 758      6720756E 
 758      7369676E 
 758      65642069 
 759              	.LASF23:
 760 0192 4C43445F 		.ascii	"LCD_Position\000"
 760      506F7369 
 760      74696F6E 
 760      00
 761              	.LASF30:
 762 019f 4C43445F 		.ascii	"LCD_PrintU32Number\000"
 762      5072696E 
 762      74553332 
 762      4E756D62 
 762      657200
 763              	.LASF26:
 764 01b2 436F6E74 		.ascii	"Control_Write\000"
 764      726F6C5F 
 764      57726974 
 764      6500
 765              	.LASF18:
 766 01c0 73697A65 		.ascii	"sizetype\000"
 766      74797065 
 766      00
 767              	.LASF8:
 768 01c9 6C6F6E67 		.ascii	"long long int\000"
 768      206C6F6E 
 768      6720696E 
 768      7400
 769              	.LASF32:
 770 01d7 6D61696E 		.ascii	"main.c\000"
 770      2E6300
 771              	.LASF16:
 772 01de 63686172 		.ascii	"char\000"
 772      00
 773              	.LASF22:
 774 01e3 4C43445F 		.ascii	"LCD_Init\000"
 774      496E6974 
 774      00
 775              	.LASF2:
 776 01ec 73686F72 		.ascii	"short int\000"
ARM GAS  C:\Users\Admin\AppData\Local\Temp\ccwxkXY1.s 			page 17


 776      7420696E 
 776      7400
 777              	.LASF11:
 778 01f6 75696E74 		.ascii	"uint16_t\000"
 778      31365F74 
 778      00
 779              	.LASF6:
 780 01ff 6C6F6E67 		.ascii	"long int\000"
 780      20696E74 
 780      00
 781              	.LASF17:
 782 0208 6C6F6E67 		.ascii	"long double\000"
 782      20646F75 
 782      626C6500 
 783              	.LASF0:
 784 0214 7369676E 		.ascii	"signed char\000"
 784      65642063 
 784      68617200 
 785              	.LASF25:
 786 0220 43794465 		.ascii	"CyDelay\000"
 786      6C617900 
 787              		.ident	"GCC: (GNU Tools for ARM Embedded Processors) 5.4.1 20160609 (release) [ARM/embedded-5-bran
