ARM GAS  C:\Users\OLEKSA~1\AppData\Local\Temp\ccHcyLSl.s 			page 1


   1              		.syntax unified
   2              		.cpu cortex-m3
   3              		.fpu softvfp
   4              		.eabi_attribute 20, 1
   5              		.eabi_attribute 21, 1
   6              		.eabi_attribute 23, 3
   7              		.eabi_attribute 24, 1
   8              		.eabi_attribute 25, 1
   9              		.eabi_attribute 26, 1
  10              		.eabi_attribute 30, 1
  11              		.eabi_attribute 34, 1
  12              		.eabi_attribute 18, 4
  13              		.thumb
  14              		.syntax unified
  15              		.file	"cymetadata.c"
  16              		.text
  17              	.Ltext0:
  18              		.cfi_sections	.debug_frame
  19              		.global	cy_metadata
  20              		.global	cy_meta_flashprotect
  21              		.global	cy_meta_wonvl
  22              		.global	cy_meta_custnvl
  23              		.global	cy_meta_configecc
  24              		.section	.cyconfigecc,"a",%progbits
  25              		.align	2
  26              		.type	cy_meta_configecc, %object
  27              		.size	cy_meta_configecc, 1076
  28              	cy_meta_configecc:
  29 0000 03       		.byte	3
  30 0001 52       		.byte	82
  31 0002 00       		.byte	0
  32 0003 40       		.byte	64
  33 0004 02       		.byte	2
  34 0005 64       		.byte	100
  35 0006 00       		.byte	0
  36 0007 40       		.byte	64
  37 0008 02       		.byte	2
  38 0009 65       		.byte	101
  39 000a 00       		.byte	0
  40 000b 40       		.byte	64
  41 000c 0B       		.byte	11
  42 000d 09       		.byte	9
  43 000e 01       		.byte	1
  44 000f 40       		.byte	64
  45 0010 62       		.byte	98
  46 0011 0A       		.byte	10
  47 0012 01       		.byte	1
  48 0013 40       		.byte	64
  49 0014 3C       		.byte	60
  50 0015 0B       		.byte	11
  51 0016 01       		.byte	1
  52 0017 40       		.byte	64
  53 0018 5C       		.byte	92
  54 0019 18       		.byte	24
  55 001a 01       		.byte	1
  56 001b 40       		.byte	64
  57 001c 3C       		.byte	60
ARM GAS  C:\Users\OLEKSA~1\AppData\Local\Temp\ccHcyLSl.s 			page 2


  58 001d 19       		.byte	25
  59 001e 01       		.byte	1
  60 001f 40       		.byte	64
  61 0020 0F       		.byte	15
  62 0021 1A       		.byte	26
  63 0022 01       		.byte	1
  64 0023 40       		.byte	64
  65 0024 39       		.byte	57
  66 0025 1B       		.byte	27
  67 0026 01       		.byte	1
  68 0027 40       		.byte	64
  69 0028 02       		.byte	2
  70 0029 44       		.byte	68
  71 002a 01       		.byte	1
  72 002b 40       		.byte	64
  73 002c 03       		.byte	3
  74 002d 45       		.byte	69
  75 002e 01       		.byte	1
  76 002f 40       		.byte	64
  77 0030 04       		.byte	4
  78 0031 46       		.byte	70
  79 0032 01       		.byte	1
  80 0033 40       		.byte	64
  81 0034 03       		.byte	3
  82 0035 47       		.byte	71
  83 0036 01       		.byte	1
  84 0037 40       		.byte	64
  85 0038 03       		.byte	3
  86 0039 4C       		.byte	76
  87 003a 01       		.byte	1
  88 003b 40       		.byte	64
  89 003c 04       		.byte	4
  90 003d 4D       		.byte	77
  91 003e 01       		.byte	1
  92 003f 40       		.byte	64
  93 0040 04       		.byte	4
  94 0041 50       		.byte	80
  95 0042 01       		.byte	1
  96 0043 40       		.byte	64
  97 0044 08       		.byte	8
  98 0045 80       		.byte	-128
  99 0046 60       		.byte	96
 100 0047 80       		.byte	-128
 101 0048 64       		.byte	100
 102 0049 40       		.byte	64
 103 004a 8A       		.byte	-118
 104 004b 0F       		.byte	15
 105 004c 8B       		.byte	-117
 106 004d 0D       		.byte	13
 107 004e 89       		.byte	-119
 108 004f 38       		.byte	56
 109 0050 8A       		.byte	-118
 110 0051 72       		.byte	114
 111 0052 90       		.byte	-112
 112 0053 01       		.byte	1
 113 0054 94       		.byte	-108
 114 0055 48       		.byte	72
ARM GAS  C:\Users\OLEKSA~1\AppData\Local\Temp\ccHcyLSl.s 			page 3


 115 0056 99       		.byte	-103
 116 0057 10       		.byte	16
 117 0058 9B       		.byte	-101
 118 0059 08       		.byte	8
 119 005a 9F       		.byte	-97
 120 005b 40       		.byte	64
 121 005c A2       		.byte	-94
 122 005d 10       		.byte	16
 123 005e A4       		.byte	-92
 124 005f 90       		.byte	-112
 125 0060 A7       		.byte	-89
 126 0061 08       		.byte	8
 127 0062 B4       		.byte	-76
 128 0063 04       		.byte	4
 129 0064 B5       		.byte	-75
 130 0065 40       		.byte	64
 131 0066 B7       		.byte	-73
 132 0067 02       		.byte	2
 133 0068 03       		.byte	3
 134 0069 60       		.byte	96
 135 006a 04       		.byte	4
 136 006b 01       		.byte	1
 137 006c 05       		.byte	5
 138 006d 04       		.byte	4
 139 006e 09       		.byte	9
 140 006f 60       		.byte	96
 141 0070 0A       		.byte	10
 142 0071 01       		.byte	1
 143 0072 0B       		.byte	11
 144 0073 19       		.byte	25
 145 0074 0C       		.byte	12
 146 0075 02       		.byte	2
 147 0076 14       		.byte	20
 148 0077 01       		.byte	1
 149 0078 15       		.byte	21
 150 0079 09       		.byte	9
 151 007a 17       		.byte	23
 152 007b 30       		.byte	48
 153 007c 19       		.byte	25
 154 007d 09       		.byte	9
 155 007e 1B       		.byte	27
 156 007f 70       		.byte	112
 157 0080 1D       		.byte	29
 158 0081 02       		.byte	2
 159 0082 1F       		.byte	31
 160 0083 18       		.byte	24
 161 0084 22       		.byte	34
 162 0085 01       		.byte	1
 163 0086 26       		.byte	38
 164 0087 01       		.byte	1
 165 0088 2B       		.byte	43
 166 0089 40       		.byte	64
 167 008a 30       		.byte	48
 168 008b 01       		.byte	1
 169 008c 33       		.byte	51
 170 008d 04       		.byte	4
 171 008e 34       		.byte	52
ARM GAS  C:\Users\OLEKSA~1\AppData\Local\Temp\ccHcyLSl.s 			page 4


 172 008f 02       		.byte	2
 173 0090 35       		.byte	53
 174 0091 78       		.byte	120
 175 0092 37       		.byte	55
 176 0093 03       		.byte	3
 177 0094 39       		.byte	57
 178 0095 80       		.byte	-128
 179 0096 3B       		.byte	59
 180 0097 20       		.byte	32
 181 0098 3E       		.byte	62
 182 0099 11       		.byte	17
 183 009a 3F       		.byte	63
 184 009b 04       		.byte	4
 185 009c 40       		.byte	64
 186 009d 31       		.byte	49
 187 009e 41       		.byte	65
 188 009f 05       		.byte	5
 189 00a0 49       		.byte	73
 190 00a1 FF       		.byte	-1
 191 00a2 4A       		.byte	74
 192 00a3 FF       		.byte	-1
 193 00a4 4B       		.byte	75
 194 00a5 FF       		.byte	-1
 195 00a6 4F       		.byte	79
 196 00a7 01       		.byte	1
 197 00a8 50       		.byte	80
 198 00a9 18       		.byte	24
 199 00aa 54       		.byte	84
 200 00ab 01       		.byte	1
 201 00ac 58       		.byte	88
 202 00ad 04       		.byte	4
 203 00ae 59       		.byte	89
 204 00af 04       		.byte	4
 205 00b0 5A       		.byte	90
 206 00b1 04       		.byte	4
 207 00b2 5B       		.byte	91
 208 00b3 04       		.byte	4
 209 00b4 5C       		.byte	92
 210 00b5 10       		.byte	16
 211 00b6 5D       		.byte	93
 212 00b7 10       		.byte	16
 213 00b8 5F       		.byte	95
 214 00b9 01       		.byte	1
 215 00ba 60       		.byte	96
 216 00bb 40       		.byte	64
 217 00bc 62       		.byte	98
 218 00bd 40       		.byte	64
 219 00be 64       		.byte	100
 220 00bf 40       		.byte	64
 221 00c0 65       		.byte	101
 222 00c1 40       		.byte	64
 223 00c2 66       		.byte	102
 224 00c3 80       		.byte	-128
 225 00c4 68       		.byte	104
 226 00c5 80       		.byte	-128
 227 00c6 6A       		.byte	106
 228 00c7 80       		.byte	-128
ARM GAS  C:\Users\OLEKSA~1\AppData\Local\Temp\ccHcyLSl.s 			page 5


 229 00c8 6C       		.byte	108
 230 00c9 80       		.byte	-128
 231 00ca 6E       		.byte	110
 232 00cb 80       		.byte	-128
 233 00cc 82       		.byte	-126
 234 00cd 28       		.byte	40
 235 00ce 84       		.byte	-124
 236 00cf 03       		.byte	3
 237 00d0 86       		.byte	-122
 238 00d1 1C       		.byte	28
 239 00d2 88       		.byte	-120
 240 00d3 03       		.byte	3
 241 00d4 8A       		.byte	-118
 242 00d5 34       		.byte	52
 243 00d6 8B       		.byte	-117
 244 00d7 03       		.byte	3
 245 00d8 9A       		.byte	-102
 246 00d9 20       		.byte	32
 247 00da 9E       		.byte	-98
 248 00db 15       		.byte	21
 249 00dc 9F       		.byte	-97
 250 00dd 03       		.byte	3
 251 00de A3       		.byte	-93
 252 00df 02       		.byte	2
 253 00e0 A4       		.byte	-92
 254 00e1 2A       		.byte	42
 255 00e2 A6       		.byte	-90
 256 00e3 14       		.byte	20
 257 00e4 A8       		.byte	-88
 258 00e5 03       		.byte	3
 259 00e6 AA       		.byte	-86
 260 00e7 04       		.byte	4
 261 00e8 B1       		.byte	-79
 262 00e9 02       		.byte	2
 263 00ea B2       		.byte	-78
 264 00eb 0F       		.byte	15
 265 00ec B3       		.byte	-77
 266 00ed 01       		.byte	1
 267 00ee B4       		.byte	-76
 268 00ef 38       		.byte	56
 269 00f0 BA       		.byte	-70
 270 00f1 28       		.byte	40
 271 00f2 BF       		.byte	-65
 272 00f3 05       		.byte	5
 273 00f4 C0       		.byte	-64
 274 00f5 25       		.byte	37
 275 00f6 C1       		.byte	-63
 276 00f7 04       		.byte	4
 277 00f8 C5       		.byte	-59
 278 00f9 EC       		.byte	-20
 279 00fa C6       		.byte	-58
 280 00fb 02       		.byte	2
 281 00fc C8       		.byte	-56
 282 00fd 07       		.byte	7
 283 00fe C9       		.byte	-55
 284 00ff FF       		.byte	-1
 285 0100 CA       		.byte	-54
ARM GAS  C:\Users\OLEKSA~1\AppData\Local\Temp\ccHcyLSl.s 			page 6


 286 0101 FF       		.byte	-1
 287 0102 CB       		.byte	-53
 288 0103 FF       		.byte	-1
 289 0104 CD       		.byte	-51
 290 0105 83       		.byte	-125
 291 0106 CE       		.byte	-50
 292 0107 03       		.byte	3
 293 0108 CF       		.byte	-49
 294 0109 01       		.byte	1
 295 010a D0       		.byte	-48
 296 010b 18       		.byte	24
 297 010c D4       		.byte	-44
 298 010d 01       		.byte	1
 299 010e D8       		.byte	-40
 300 010f 04       		.byte	4
 301 0110 D9       		.byte	-39
 302 0111 04       		.byte	4
 303 0112 DA       		.byte	-38
 304 0113 04       		.byte	4
 305 0114 DB       		.byte	-37
 306 0115 04       		.byte	4
 307 0116 DC       		.byte	-36
 308 0117 01       		.byte	1
 309 0118 DF       		.byte	-33
 310 0119 05       		.byte	5
 311 011a E0       		.byte	-32
 312 011b 40       		.byte	64
 313 011c E2       		.byte	-30
 314 011d 40       		.byte	64
 315 011e E4       		.byte	-28
 316 011f 40       		.byte	64
 317 0120 E5       		.byte	-27
 318 0121 40       		.byte	64
 319 0122 E6       		.byte	-26
 320 0123 80       		.byte	-128
 321 0124 E8       		.byte	-24
 322 0125 80       		.byte	-128
 323 0126 EA       		.byte	-22
 324 0127 80       		.byte	-128
 325 0128 EC       		.byte	-20
 326 0129 80       		.byte	-128
 327 012a EE       		.byte	-18
 328 012b 80       		.byte	-128
 329 012c 00       		.byte	0
 330 012d 64       		.byte	100
 331 012e 01       		.byte	1
 332 012f 20       		.byte	32
 333 0130 02       		.byte	2
 334 0131 04       		.byte	4
 335 0132 04       		.byte	4
 336 0133 01       		.byte	1
 337 0134 05       		.byte	5
 338 0135 14       		.byte	20
 339 0136 09       		.byte	9
 340 0137 08       		.byte	8
 341 0138 0C       		.byte	12
 342 0139 80       		.byte	-128
ARM GAS  C:\Users\OLEKSA~1\AppData\Local\Temp\ccHcyLSl.s 			page 7


 343 013a 0F       		.byte	15
 344 013b 08       		.byte	8
 345 013c 10       		.byte	16
 346 013d 80       		.byte	-128
 347 013e 13       		.byte	19
 348 013f 08       		.byte	8
 349 0140 16       		.byte	22
 350 0141 04       		.byte	4
 351 0142 17       		.byte	23
 352 0143 08       		.byte	8
 353 0144 1A       		.byte	26
 354 0145 44       		.byte	68
 355 0146 1C       		.byte	28
 356 0147 04       		.byte	4
 357 0148 1D       		.byte	29
 358 0149 1C       		.byte	28
 359 014a 1E       		.byte	30
 360 014b 20       		.byte	32
 361 014c 20       		.byte	32
 362 014d 01       		.byte	1
 363 014e 21       		.byte	33
 364 014f 10       		.byte	16
 365 0150 22       		.byte	34
 366 0151 04       		.byte	4
 367 0152 23       		.byte	35
 368 0153 08       		.byte	8
 369 0154 24       		.byte	36
 370 0155 10       		.byte	16
 371 0156 27       		.byte	39
 372 0157 A0       		.byte	-96
 373 0158 2B       		.byte	43
 374 0159 0C       		.byte	12
 375 015a 2F       		.byte	47
 376 015b 80       		.byte	-128
 377 015c 30       		.byte	48
 378 015d 80       		.byte	-128
 379 015e 31       		.byte	49
 380 015f 18       		.byte	24
 381 0160 37       		.byte	55
 382 0161 40       		.byte	64
 383 0162 38       		.byte	56
 384 0163 09       		.byte	9
 385 0164 39       		.byte	57
 386 0165 20       		.byte	32
 387 0166 3E       		.byte	62
 388 0167 10       		.byte	16
 389 0168 40       		.byte	64
 390 0169 10       		.byte	16
 391 016a 43       		.byte	67
 392 016b 80       		.byte	-128
 393 016c 47       		.byte	71
 394 016d 21       		.byte	33
 395 016e 48       		.byte	72
 396 016f 01       		.byte	1
 397 0170 4D       		.byte	77
 398 0171 01       		.byte	1
 399 0172 4F       		.byte	79
ARM GAS  C:\Users\OLEKSA~1\AppData\Local\Temp\ccHcyLSl.s 			page 8


 400 0173 84       		.byte	-124
 401 0174 57       		.byte	87
 402 0175 C0       		.byte	-64
 403 0176 59       		.byte	89
 404 0177 20       		.byte	32
 405 0178 5A       		.byte	90
 406 0179 48       		.byte	72
 407 017a 5B       		.byte	91
 408 017b 02       		.byte	2
 409 017c 5D       		.byte	93
 410 017d 01       		.byte	1
 411 017e 5F       		.byte	95
 412 017f 84       		.byte	-124
 413 0180 68       		.byte	104
 414 0181 01       		.byte	1
 415 0182 69       		.byte	105
 416 0183 40       		.byte	64
 417 0184 6B       		.byte	107
 418 0185 01       		.byte	1
 419 0186 7D       		.byte	125
 420 0187 40       		.byte	64
 421 0188 86       		.byte	-122
 422 0189 04       		.byte	4
 423 018a 92       		.byte	-110
 424 018b 10       		.byte	16
 425 018c B6       		.byte	-74
 426 018d 10       		.byte	16
 427 018e C0       		.byte	-64
 428 018f 77       		.byte	119
 429 0190 C2       		.byte	-62
 430 0191 C4       		.byte	-60
 431 0192 C4       		.byte	-60
 432 0193 6C       		.byte	108
 433 0194 CA       		.byte	-54
 434 0195 84       		.byte	-124
 435 0196 CC       		.byte	-52
 436 0197 1E       		.byte	30
 437 0198 CE       		.byte	-50
 438 0199 27       		.byte	39
 439 019a D0       		.byte	-48
 440 019b AA       		.byte	-86
 441 019c D2       		.byte	-46
 442 019d 18       		.byte	24
 443 019e D6       		.byte	-42
 444 019f DF       		.byte	-33
 445 01a0 DE       		.byte	-34
 446 01a1 10       		.byte	16
 447 01a2 E0       		.byte	-32
 448 01a3 02       		.byte	2
 449 01a4 00       		.byte	0
 450 01a5 09       		.byte	9
 451 01a6 02       		.byte	2
 452 01a7 10       		.byte	16
 453 01a8 08       		.byte	8
 454 01a9 6C       		.byte	108
 455 01aa 0A       		.byte	10
 456 01ab 11       		.byte	17
ARM GAS  C:\Users\OLEKSA~1\AppData\Local\Temp\ccHcyLSl.s 			page 9


 457 01ac 0E       		.byte	14
 458 01ad 03       		.byte	3
 459 01ae 14       		.byte	20
 460 01af 70       		.byte	112
 461 01b0 16       		.byte	22
 462 01b1 0C       		.byte	12
 463 01b2 18       		.byte	24
 464 01b3 10       		.byte	16
 465 01b4 1E       		.byte	30
 466 01b5 20       		.byte	32
 467 01b6 24       		.byte	36
 468 01b7 5C       		.byte	92
 469 01b8 26       		.byte	38
 470 01b9 02       		.byte	2
 471 01ba 28       		.byte	40
 472 01bb 14       		.byte	20
 473 01bc 30       		.byte	48
 474 01bd 1F       		.byte	31
 475 01be 32       		.byte	50
 476 01bf 60       		.byte	96
 477 01c0 38       		.byte	56
 478 01c1 08       		.byte	8
 479 01c2 3A       		.byte	58
 480 01c3 20       		.byte	32
 481 01c4 3E       		.byte	62
 482 01c5 04       		.byte	4
 483 01c6 40       		.byte	64
 484 01c7 03       		.byte	3
 485 01c8 47       		.byte	71
 486 01c9 04       		.byte	4
 487 01ca 49       		.byte	73
 488 01cb FF       		.byte	-1
 489 01cc 4A       		.byte	74
 490 01cd 07       		.byte	7
 491 01ce 4B       		.byte	75
 492 01cf FF       		.byte	-1
 493 01d0 4C       		.byte	76
 494 01d1 40       		.byte	64
 495 01d2 4D       		.byte	77
 496 01d3 20       		.byte	32
 497 01d4 4E       		.byte	78
 498 01d5 F0       		.byte	-16
 499 01d6 4F       		.byte	79
 500 01d7 05       		.byte	5
 501 01d8 50       		.byte	80
 502 01d9 08       		.byte	8
 503 01da 52       		.byte	82
 504 01db 80       		.byte	-128
 505 01dc 58       		.byte	88
 506 01dd 04       		.byte	4
 507 01de 5A       		.byte	90
 508 01df 04       		.byte	4
 509 01e0 5B       		.byte	91
 510 01e1 04       		.byte	4
 511 01e2 5C       		.byte	92
 512 01e3 01       		.byte	1
 513 01e4 5D       		.byte	93
ARM GAS  C:\Users\OLEKSA~1\AppData\Local\Temp\ccHcyLSl.s 			page 10


 514 01e5 01       		.byte	1
 515 01e6 5F       		.byte	95
 516 01e7 01       		.byte	1
 517 01e8 60       		.byte	96
 518 01e9 40       		.byte	64
 519 01ea 61       		.byte	97
 520 01eb A8       		.byte	-88
 521 01ec 62       		.byte	98
 522 01ed 40       		.byte	64
 523 01ee 63       		.byte	99
 524 01ef 20       		.byte	32
 525 01f0 81       		.byte	-127
 526 01f1 1F       		.byte	31
 527 01f2 83       		.byte	-125
 528 01f3 C0       		.byte	-64
 529 01f4 84       		.byte	-124
 530 01f5 01       		.byte	1
 531 01f6 85       		.byte	-123
 532 01f7 C3       		.byte	-61
 533 01f8 89       		.byte	-119
 534 01f9 82       		.byte	-126
 535 01fa 8A       		.byte	-118
 536 01fb 02       		.byte	2
 537 01fc 8D       		.byte	-115
 538 01fd 08       		.byte	8
 539 01fe 8E       		.byte	-114
 540 01ff 02       		.byte	2
 541 0200 90       		.byte	-112
 542 0201 01       		.byte	1
 543 0202 91       		.byte	-111
 544 0203 41       		.byte	65
 545 0204 93       		.byte	-109
 546 0205 20       		.byte	32
 547 0206 95       		.byte	-107
 548 0207 0C       		.byte	12
 549 0208 99       		.byte	-103
 550 0209 04       		.byte	4
 551 020a 9D       		.byte	-99
 552 020b D3       		.byte	-45
 553 020c 9F       		.byte	-97
 554 020d 0C       		.byte	12
 555 020e A2       		.byte	-94
 556 020f 01       		.byte	1
 557 0210 A3       		.byte	-93
 558 0211 C3       		.byte	-61
 559 0212 A5       		.byte	-91
 560 0213 DF       		.byte	-33
 561 0214 A9       		.byte	-87
 562 0215 1C       		.byte	28
 563 0216 AA       		.byte	-86
 564 0217 01       		.byte	1
 565 0218 AB       		.byte	-85
 566 0219 C3       		.byte	-61
 567 021a B1       		.byte	-79
 568 021b C0       		.byte	-64
 569 021c B2       		.byte	-78
 570 021d 01       		.byte	1
ARM GAS  C:\Users\OLEKSA~1\AppData\Local\Temp\ccHcyLSl.s 			page 11


 571 021e B3       		.byte	-77
 572 021f 10       		.byte	16
 573 0220 B4       		.byte	-76
 574 0221 02       		.byte	2
 575 0222 B5       		.byte	-75
 576 0223 20       		.byte	32
 577 0224 B7       		.byte	-73
 578 0225 0F       		.byte	15
 579 0226 B8       		.byte	-72
 580 0227 08       		.byte	8
 581 0228 BB       		.byte	-69
 582 0229 80       		.byte	-128
 583 022a BE       		.byte	-66
 584 022b 10       		.byte	16
 585 022c BF       		.byte	-65
 586 022d 04       		.byte	4
 587 022e C0       		.byte	-64
 588 022f 31       		.byte	49
 589 0230 C1       		.byte	-63
 590 0231 06       		.byte	6
 591 0232 C5       		.byte	-59
 592 0233 0C       		.byte	12
 593 0234 C6       		.byte	-58
 594 0235 B0       		.byte	-80
 595 0236 C7       		.byte	-57
 596 0237 0E       		.byte	14
 597 0238 C8       		.byte	-56
 598 0239 19       		.byte	25
 599 023a C9       		.byte	-55
 600 023b FF       		.byte	-1
 601 023c CA       		.byte	-54
 602 023d FF       		.byte	-1
 603 023e CB       		.byte	-53
 604 023f FF       		.byte	-1
 605 0240 CE       		.byte	-50
 606 0241 F0       		.byte	-16
 607 0242 CF       		.byte	-49
 608 0243 44       		.byte	68
 609 0244 D0       		.byte	-48
 610 0245 0C       		.byte	12
 611 0246 D4       		.byte	-44
 612 0247 18       		.byte	24
 613 0248 D8       		.byte	-40
 614 0249 04       		.byte	4
 615 024a D9       		.byte	-39
 616 024b 04       		.byte	4
 617 024c DA       		.byte	-38
 618 024d 04       		.byte	4
 619 024e DB       		.byte	-37
 620 024f 04       		.byte	4
 621 0250 DC       		.byte	-36
 622 0251 11       		.byte	17
 623 0252 DD       		.byte	-35
 624 0253 11       		.byte	17
 625 0254 DF       		.byte	-33
 626 0255 01       		.byte	1
 627 0256 E6       		.byte	-26
ARM GAS  C:\Users\OLEKSA~1\AppData\Local\Temp\ccHcyLSl.s 			page 12


 628 0257 C0       		.byte	-64
 629 0258 EA       		.byte	-22
 630 0259 40       		.byte	64
 631 025a EB       		.byte	-21
 632 025b 02       		.byte	2
 633 025c 00       		.byte	0
 634 025d 10       		.byte	16
 635 025e 02       		.byte	2
 636 025f 02       		.byte	2
 637 0260 03       		.byte	3
 638 0261 20       		.byte	32
 639 0262 04       		.byte	4
 640 0263 41       		.byte	65
 641 0264 05       		.byte	5
 642 0265 10       		.byte	16
 643 0266 0A       		.byte	10
 644 0267 80       		.byte	-128
 645 0268 0D       		.byte	13
 646 0269 04       		.byte	4
 647 026a 0E       		.byte	14
 648 026b 21       		.byte	33
 649 026c 0F       		.byte	15
 650 026d 09       		.byte	9
 651 026e 10       		.byte	16
 652 026f 04       		.byte	4
 653 0270 11       		.byte	17
 654 0271 01       		.byte	1
 655 0272 15       		.byte	21
 656 0273 20       		.byte	32
 657 0274 17       		.byte	23
 658 0275 08       		.byte	8
 659 0276 18       		.byte	24
 660 0277 14       		.byte	20
 661 0278 1C       		.byte	28
 662 0279 40       		.byte	64
 663 027a 1D       		.byte	29
 664 027b 08       		.byte	8
 665 027c 1F       		.byte	31
 666 027d 20       		.byte	32
 667 027e 20       		.byte	32
 668 027f 02       		.byte	2
 669 0280 22       		.byte	34
 670 0281 45       		.byte	69
 671 0282 23       		.byte	35
 672 0283 04       		.byte	4
 673 0284 28       		.byte	40
 674 0285 84       		.byte	-124
 675 0286 29       		.byte	41
 676 0287 20       		.byte	32
 677 0288 2B       		.byte	43
 678 0289 20       		.byte	32
 679 028a 30       		.byte	48
 680 028b 2A       		.byte	42
 681 028c 32       		.byte	50
 682 028d 40       		.byte	64
 683 028e 38       		.byte	56
 684 028f 80       		.byte	-128
ARM GAS  C:\Users\OLEKSA~1\AppData\Local\Temp\ccHcyLSl.s 			page 13


 685 0290 39       		.byte	57
 686 0291 03       		.byte	3
 687 0292 3B       		.byte	59
 688 0293 28       		.byte	40
 689 0294 41       		.byte	65
 690 0295 04       		.byte	4
 691 0296 42       		.byte	66
 692 0297 01       		.byte	1
 693 0298 45       		.byte	69
 694 0299 08       		.byte	8
 695 029a 48       		.byte	72
 696 029b 10       		.byte	16
 697 029c 49       		.byte	73
 698 029d 10       		.byte	16
 699 029e 4C       		.byte	76
 700 029f 80       		.byte	-128
 701 02a0 4F       		.byte	79
 702 02a1 01       		.byte	1
 703 02a2 50       		.byte	80
 704 02a3 04       		.byte	4
 705 02a4 51       		.byte	81
 706 02a5 10       		.byte	16
 707 02a6 57       		.byte	87
 708 02a7 0C       		.byte	12
 709 02a8 5A       		.byte	90
 710 02a9 02       		.byte	2
 711 02aa 60       		.byte	96
 712 02ab 04       		.byte	4
 713 02ac 62       		.byte	98
 714 02ad 80       		.byte	-128
 715 02ae 77       		.byte	119
 716 02af 40       		.byte	64
 717 02b0 90       		.byte	-112
 718 02b1 01       		.byte	1
 719 02b2 94       		.byte	-108
 720 02b3 48       		.byte	72
 721 02b4 99       		.byte	-103
 722 02b5 10       		.byte	16
 723 02b6 9B       		.byte	-101
 724 02b7 08       		.byte	8
 725 02b8 9F       		.byte	-97
 726 02b9 40       		.byte	64
 727 02ba A2       		.byte	-94
 728 02bb 10       		.byte	16
 729 02bc A4       		.byte	-92
 730 02bd 90       		.byte	-112
 731 02be A7       		.byte	-89
 732 02bf 08       		.byte	8
 733 02c0 C0       		.byte	-64
 734 02c1 D7       		.byte	-41
 735 02c2 C2       		.byte	-62
 736 02c3 E8       		.byte	-24
 737 02c4 C4       		.byte	-60
 738 02c5 6A       		.byte	106
 739 02c6 CA       		.byte	-54
 740 02c7 07       		.byte	7
 741 02c8 CC       		.byte	-52
ARM GAS  C:\Users\OLEKSA~1\AppData\Local\Temp\ccHcyLSl.s 			page 14


 742 02c9 0F       		.byte	15
 743 02ca CE       		.byte	-50
 744 02cb 0F       		.byte	15
 745 02cc D0       		.byte	-48
 746 02cd 4A       		.byte	74
 747 02ce D2       		.byte	-46
 748 02cf 04       		.byte	4
 749 02d0 D6       		.byte	-42
 750 02d1 01       		.byte	1
 751 02d2 D8       		.byte	-40
 752 02d3 0C       		.byte	12
 753 02d4 90       		.byte	-112
 754 02d5 0A       		.byte	10
 755 02d6 92       		.byte	-110
 756 02d7 11       		.byte	17
 757 02d8 94       		.byte	-108
 758 02d9 3F       		.byte	63
 759 02da 98       		.byte	-104
 760 02db 14       		.byte	20
 761 02dc 9A       		.byte	-102
 762 02dd 09       		.byte	9
 763 02de 9C       		.byte	-100
 764 02df 01       		.byte	1
 765 02e0 9E       		.byte	-98
 766 02e1 06       		.byte	6
 767 02e2 A8       		.byte	-88
 768 02e3 3F       		.byte	63
 769 02e4 AC       		.byte	-84
 770 02e5 20       		.byte	32
 771 02e6 B0       		.byte	-80
 772 02e7 20       		.byte	32
 773 02e8 B4       		.byte	-76
 774 02e9 18       		.byte	24
 775 02ea B6       		.byte	-74
 776 02eb 07       		.byte	7
 777 02ec D8       		.byte	-40
 778 02ed 04       		.byte	4
 779 02ee DC       		.byte	-36
 780 02ef 01       		.byte	1
 781 02f0 DF       		.byte	-33
 782 02f1 01       		.byte	1
 783 02f2 00       		.byte	0
 784 02f3 02       		.byte	2
 785 02f4 01       		.byte	1
 786 02f5 20       		.byte	32
 787 02f6 03       		.byte	3
 788 02f7 22       		.byte	34
 789 02f8 09       		.byte	9
 790 02f9 02       		.byte	2
 791 02fa 0A       		.byte	10
 792 02fb 01       		.byte	1
 793 02fc 0B       		.byte	11
 794 02fd 24       		.byte	36
 795 02fe 0C       		.byte	12
 796 02ff 02       		.byte	2
 797 0300 0D       		.byte	13
 798 0301 04       		.byte	4
ARM GAS  C:\Users\OLEKSA~1\AppData\Local\Temp\ccHcyLSl.s 			page 15


 799 0302 0E       		.byte	14
 800 0303 09       		.byte	9
 801 0304 10       		.byte	16
 802 0305 AA       		.byte	-86
 803 0306 15       		.byte	21
 804 0307 50       		.byte	80
 805 0308 18       		.byte	24
 806 0309 01       		.byte	1
 807 030a 19       		.byte	25
 808 030b 21       		.byte	33
 809 030c 1E       		.byte	30
 810 030d 49       		.byte	73
 811 030e 1F       		.byte	31
 812 030f 92       		.byte	-110
 813 0310 21       		.byte	33
 814 0311 03       		.byte	3
 815 0312 22       		.byte	34
 816 0313 80       		.byte	-128
 817 0314 29       		.byte	41
 818 0315 21       		.byte	33
 819 0316 2B       		.byte	43
 820 0317 02       		.byte	2
 821 0318 31       		.byte	49
 822 0319 02       		.byte	2
 823 031a 32       		.byte	50
 824 031b 40       		.byte	64
 825 031c 33       		.byte	51
 826 031d 28       		.byte	40
 827 031e 38       		.byte	56
 828 031f A8       		.byte	-88
 829 0320 40       		.byte	64
 830 0321 81       		.byte	-127
 831 0322 42       		.byte	66
 832 0323 40       		.byte	64
 833 0324 43       		.byte	67
 834 0325 20       		.byte	32
 835 0326 48       		.byte	72
 836 0327 01       		.byte	1
 837 0328 4A       		.byte	74
 838 0329 08       		.byte	8
 839 032a 52       		.byte	82
 840 032b 02       		.byte	2
 841 032c 53       		.byte	83
 842 032d 08       		.byte	8
 843 032e 5A       		.byte	90
 844 032f 08       		.byte	8
 845 0330 69       		.byte	105
 846 0331 58       		.byte	88
 847 0332 70       		.byte	112
 848 0333 FC       		.byte	-4
 849 0334 81       		.byte	-127
 850 0335 01       		.byte	1
 851 0336 82       		.byte	-126
 852 0337 08       		.byte	8
 853 0338 88       		.byte	-120
 854 0339 02       		.byte	2
 855 033a 8B       		.byte	-117
ARM GAS  C:\Users\OLEKSA~1\AppData\Local\Temp\ccHcyLSl.s 			page 16


 856 033b 84       		.byte	-124
 857 033c 92       		.byte	-110
 858 033d 88       		.byte	-120
 859 033e 93       		.byte	-109
 860 033f 04       		.byte	4
 861 0340 94       		.byte	-108
 862 0341 80       		.byte	-128
 863 0342 95       		.byte	-107
 864 0343 02       		.byte	2
 865 0344 97       		.byte	-105
 866 0345 28       		.byte	40
 867 0346 9C       		.byte	-100
 868 0347 80       		.byte	-128
 869 0348 9D       		.byte	-99
 870 0349 20       		.byte	32
 871 034a A0       		.byte	-96
 872 034b 01       		.byte	1
 873 034c A3       		.byte	-93
 874 034d 20       		.byte	32
 875 034e A4       		.byte	-92
 876 034f 2A       		.byte	42
 877 0350 A6       		.byte	-90
 878 0351 82       		.byte	-126
 879 0352 C0       		.byte	-64
 880 0353 0F       		.byte	15
 881 0354 C2       		.byte	-62
 882 0355 FF       		.byte	-1
 883 0356 C4       		.byte	-60
 884 0357 CF       		.byte	-49
 885 0358 CA       		.byte	-54
 886 0359 0D       		.byte	13
 887 035a CC       		.byte	-52
 888 035b 0F       		.byte	15
 889 035c CE       		.byte	-50
 890 035d 0E       		.byte	14
 891 035e D0       		.byte	-48
 892 035f 0D       		.byte	13
 893 0360 D2       		.byte	-46
 894 0361 0C       		.byte	12
 895 0362 D6       		.byte	-42
 896 0363 02       		.byte	2
 897 0364 7D       		.byte	125
 898 0365 80       		.byte	-128
 899 0366 DE       		.byte	-34
 900 0367 04       		.byte	4
 901 0368 0F       		.byte	15
 902 0369 01       		.byte	1
 903 036a A5       		.byte	-91
 904 036b 40       		.byte	64
 905 036c C2       		.byte	-62
 906 036d 01       		.byte	1
 907 036e 85       		.byte	-123
 908 036f 40       		.byte	64
 909 0370 A5       		.byte	-91
 910 0371 40       		.byte	64
 911 0372 B7       		.byte	-73
 912 0373 01       		.byte	1
ARM GAS  C:\Users\OLEKSA~1\AppData\Local\Temp\ccHcyLSl.s 			page 17


 913 0374 EE       		.byte	-18
 914 0375 08       		.byte	8
 915 0376 93       		.byte	-109
 916 0377 02       		.byte	2
 917 0378 B7       		.byte	-73
 918 0379 01       		.byte	1
 919 037a E8       		.byte	-24
 920 037b 02       		.byte	2
 921 037c 67       		.byte	103
 922 037d 02       		.byte	2
 923 037e 93       		.byte	-109
 924 037f 02       		.byte	2
 925 0380 D6       		.byte	-42
 926 0381 01       		.byte	1
 927 0382 10       		.byte	16
 928 0383 80       		.byte	-128
 929 0384 88       		.byte	-120
 930 0385 80       		.byte	-128
 931 0386 C4       		.byte	-60
 932 0387 08       		.byte	8
 933 0388 E6       		.byte	-26
 934 0389 01       		.byte	1
 935 038a 00       		.byte	0
 936 038b 03       		.byte	3
 937 038c 0C       		.byte	12
 938 038d 03       		.byte	3
 939 038e 10       		.byte	16
 940 038f 03       		.byte	3
 941 0390 1C       		.byte	28
 942 0391 03       		.byte	3
 943 0392 00       		.byte	0
 944 0393 00       		.byte	0
 945 0394 27       		.byte	39
 946 0395 00       		.byte	0
 947 0396 18       		.byte	24
 948 0397 00       		.byte	0
 949 0398 3F       		.byte	63
 950 0399 0C       		.byte	12
 951 039a 00       		.byte	0
 952 039b 00       		.byte	0
 953 039c 3C       		.byte	60
 954 039d 04       		.byte	4
 955 039e 02       		.byte	2
 956 039f 00       		.byte	0
 957 03a0 00       		.byte	0
 958 03a1 08       		.byte	8
 959 03a2 23       		.byte	35
 960 03a3 00       		.byte	0
 961 03a4 1C       		.byte	28
 962 03a5 0C       		.byte	12
 963 03a6 21       		.byte	33
 964 03a7 02       		.byte	2
 965 03a8 00       		.byte	0
 966 03a9 00       		.byte	0
 967 03aa 80       		.byte	-128
 968 03ab 01       		.byte	1
 969 03ac 00       		.byte	0
ARM GAS  C:\Users\OLEKSA~1\AppData\Local\Temp\ccHcyLSl.s 			page 18


 970 03ad 0E       		.byte	14
 971 03ae 04       		.byte	4
 972 03af 00       		.byte	0
 973 03b0 00       		.byte	0
 974 03b1 02       		.byte	2
 975 03b2 40       		.byte	64
 976 03b3 0C       		.byte	12
 977 03b4 10       		.byte	16
 978 03b5 00       		.byte	0
 979 03b6 00       		.byte	0
 980 03b7 01       		.byte	1
 981 03b8 08       		.byte	8
 982 03b9 00       		.byte	0
 983 03ba 00       		.byte	0
 984 03bb 00       		.byte	0
 985 03bc 18       		.byte	24
 986 03bd 0C       		.byte	12
 987 03be 00       		.byte	0
 988 03bf 02       		.byte	2
 989 03c0 04       		.byte	4
 990 03c1 00       		.byte	0
 991 03c2 80       		.byte	-128
 992 03c3 02       		.byte	2
 993 03c4 38       		.byte	56
 994 03c5 0E       		.byte	14
 995 03c6 00       		.byte	0
 996 03c7 00       		.byte	0
 997 03c8 1F       		.byte	31
 998 03c9 00       		.byte	0
 999 03ca C0       		.byte	-64
 1000 03cb 01       		.byte	1
 1001 03cc 00       		.byte	0
 1002 03cd 00       		.byte	0
 1003 03ce 20       		.byte	32
 1004 03cf 02       		.byte	2
 1005 03d0 00       		.byte	0
 1006 03d1 00       		.byte	0
 1007 03d2 40       		.byte	64
 1008 03d3 40       		.byte	64
 1009 03d4 54       		.byte	84
 1010 03d5 02       		.byte	2
 1011 03d6 06       		.byte	6
 1012 03d7 00       		.byte	0
 1013 03d8 01       		.byte	1
 1014 03d9 00       		.byte	0
 1015 03da 00       		.byte	0
 1016 03db EC       		.byte	-20
 1017 03dc 30       		.byte	48
 1018 03dd FF       		.byte	-1
 1019 03de FF       		.byte	-1
 1020 03df FF       		.byte	-1
 1021 03e0 62       		.byte	98
 1022 03e1 A0       		.byte	-96
 1023 03e2 F0       		.byte	-16
 1024 03e3 41       		.byte	65
 1025 03e4 0C       		.byte	12
 1026 03e5 00       		.byte	0
ARM GAS  C:\Users\OLEKSA~1\AppData\Local\Temp\ccHcyLSl.s 			page 19


 1027 03e6 00       		.byte	0
 1028 03e7 00       		.byte	0
 1029 03e8 00       		.byte	0
 1030 03e9 00       		.byte	0
 1031 03ea 02       		.byte	2
 1032 03eb 12       		.byte	18
 1033 03ec 04       		.byte	4
 1034 03ed 04       		.byte	4
 1035 03ee 04       		.byte	4
 1036 03ef 04       		.byte	4
 1037 03f0 11       		.byte	17
 1038 03f1 11       		.byte	17
 1039 03f2 00       		.byte	0
 1040 03f3 01       		.byte	1
 1041 03f4 00       		.byte	0
 1042 03f5 00       		.byte	0
 1043 03f6 00       		.byte	0
 1044 03f7 00       		.byte	0
 1045 03f8 00       		.byte	0
 1046 03f9 00       		.byte	0
 1047 03fa 40       		.byte	64
 1048 03fb 02       		.byte	2
 1049 03fc 00       		.byte	0
 1050 03fd 10       		.byte	16
 1051 03fe 30       		.byte	48
 1052 03ff 10       		.byte	16
 1053 0400 00       		.byte	0
 1054 0401 10       		.byte	16
 1055 0402 10       		.byte	16
 1056 0403 12       		.byte	18
 1057 0404 00       		.byte	0
 1058 0405 00       		.byte	0
 1059 0406 00       		.byte	0
 1060 0407 00       		.byte	0
 1061 0408 00       		.byte	0
 1062 0409 00       		.byte	0
 1063 040a 00       		.byte	0
 1064 040b 00       		.byte	0
 1065 040c 00       		.byte	0
 1066 040d 00       		.byte	0
 1067 040e 00       		.byte	0
 1068 040f 00       		.byte	0
 1069 0410 00       		.byte	0
 1070 0411 00       		.byte	0
 1071 0412 00       		.byte	0
 1072 0413 00       		.byte	0
 1073 0414 80       		.byte	-128
 1074 0415 00       		.byte	0
 1075 0416 40       		.byte	64
 1076 0417 80       		.byte	-128
 1077 0418 80       		.byte	-128
 1078 0419 00       		.byte	0
 1079 041a 80       		.byte	-128
 1080 041b 00       		.byte	0
 1081 041c 00       		.byte	0
 1082 041d 00       		.byte	0
 1083 041e 00       		.byte	0
ARM GAS  C:\Users\OLEKSA~1\AppData\Local\Temp\ccHcyLSl.s 			page 20


 1084 041f 00       		.byte	0
 1085 0420 80       		.byte	-128
 1086 0421 00       		.byte	0
 1087 0422 00       		.byte	0
 1088 0423 8B       		.byte	-117
 1089 0424 8B       		.byte	-117
 1090 0425 00       		.byte	0
 1091 0426 80       		.byte	-128
 1092 0427 00       		.byte	0
 1093 0428 00       		.byte	0
 1094 0429 00       		.byte	0
 1095 042a 00       		.byte	0
 1096 042b 00       		.byte	0
 1097 042c 80       		.byte	-128
 1098 042d 7F       		.byte	127
 1099 042e 7F       		.byte	127
 1100 042f 00       		.byte	0
 1101 0430 00       		.byte	0
 1102 0431 00       		.byte	0
 1103 0432 00       		.byte	0
 1104 0433 00       		.byte	0
 1105              		.section	.cywolatch,"a",%progbits
 1106              		.align	2
 1107              		.type	cy_meta_wonvl, %object
 1108              		.size	cy_meta_wonvl, 4
 1109              	cy_meta_wonvl:
 1110 0000 BC       		.byte	-68
 1111 0001 90       		.byte	-112
 1112 0002 AC       		.byte	-84
 1113 0003 AF       		.byte	-81
 1114              		.section	.cycustnvl,"a",%progbits
 1115              		.align	2
 1116              		.type	cy_meta_custnvl, %object
 1117              		.size	cy_meta_custnvl, 4
 1118              	cy_meta_custnvl:
 1119 0000 00       		.byte	0
 1120 0001 00       		.byte	0
 1121 0002 40       		.byte	64
 1122 0003 05       		.byte	5
 1123              		.section	.cymeta,"a",%progbits
 1124              		.align	2
 1125              		.type	cy_metadata, %object
 1126              		.size	cy_metadata, 12
 1127              	cy_metadata:
 1128 0000 00       		.byte	0
 1129 0001 01       		.byte	1
 1130 0002 2E       		.byte	46
 1131 0003 16       		.byte	22
 1132 0004 10       		.byte	16
 1133 0005 69       		.byte	105
 1134 0006 00       		.byte	0
 1135 0007 01       		.byte	1
 1136 0008 00       		.byte	0
 1137 0009 00       		.byte	0
 1138 000a 00       		.byte	0
 1139 000b 00       		.byte	0
 1140              		.section	.cyflashprotect,"a",%progbits
ARM GAS  C:\Users\OLEKSA~1\AppData\Local\Temp\ccHcyLSl.s 			page 21


 1141              		.align	2
 1142              		.type	cy_meta_flashprotect, %object
 1143              		.size	cy_meta_flashprotect, 256
 1144              	cy_meta_flashprotect:
 1145 0000 00000000 		.space	256
 1145      00000000 
 1145      00000000 
 1145      00000000 
 1145      00000000 
 1146              		.text
 1147              	.Letext0:
 1148              		.file 1 "c:\\program files (x86)\\cypress\\psoc creator\\4.4\\psoc creator\\import\\gnu\\arm\\5.4.
 1149              		.file 2 "c:\\program files (x86)\\cypress\\psoc creator\\4.4\\psoc creator\\import\\gnu\\arm\\5.4.
 1150              		.file 3 "Generated_Source\\PSoC5\\cymetadata.c"
 1151              		.section	.debug_info,"",%progbits
 1152              	.Ldebug_info0:
 1153 0000 31010000 		.4byte	0x131
 1154 0004 0400     		.2byte	0x4
 1155 0006 00000000 		.4byte	.Ldebug_abbrev0
 1156 000a 04       		.byte	0x4
 1157 000b 01       		.uleb128 0x1
 1158 000c 61000000 		.4byte	.LASF17
 1159 0010 0C       		.byte	0xc
 1160 0011 BB010000 		.4byte	.LASF18
 1161 0015 16000000 		.4byte	.LASF19
 1162 0019 00000000 		.4byte	.Ldebug_line0
 1163 001d 02       		.uleb128 0x2
 1164 001e 01       		.byte	0x1
 1165 001f 06       		.byte	0x6
 1166 0020 AF010000 		.4byte	.LASF0
 1167 0024 03       		.uleb128 0x3
 1168 0025 00000000 		.4byte	.LASF9
 1169 0029 01       		.byte	0x1
 1170 002a 1D       		.byte	0x1d
 1171 002b 2F000000 		.4byte	0x2f
 1172 002f 02       		.uleb128 0x2
 1173 0030 01       		.byte	0x1
 1174 0031 08       		.byte	0x8
 1175 0032 53000000 		.4byte	.LASF1
 1176 0036 02       		.uleb128 0x2
 1177 0037 02       		.byte	0x2
 1178 0038 05       		.byte	0x5
 1179 0039 9C010000 		.4byte	.LASF2
 1180 003d 02       		.uleb128 0x2
 1181 003e 02       		.byte	0x2
 1182 003f 07       		.byte	0x7
 1183 0040 01010000 		.4byte	.LASF3
 1184 0044 02       		.uleb128 0x2
 1185 0045 04       		.byte	0x4
 1186 0046 05       		.byte	0x5
 1187 0047 A6010000 		.4byte	.LASF4
 1188 004b 02       		.uleb128 0x2
 1189 004c 04       		.byte	0x4
 1190 004d 07       		.byte	0x7
 1191 004e EF000000 		.4byte	.LASF5
 1192 0052 02       		.uleb128 0x2
 1193 0053 08       		.byte	0x8
ARM GAS  C:\Users\OLEKSA~1\AppData\Local\Temp\ccHcyLSl.s 			page 22


 1194 0054 05       		.byte	0x5
 1195 0055 8E010000 		.4byte	.LASF6
 1196 0059 02       		.uleb128 0x2
 1197 005a 08       		.byte	0x8
 1198 005b 07       		.byte	0x7
 1199 005c 43010000 		.4byte	.LASF7
 1200 0060 04       		.uleb128 0x4
 1201 0061 04       		.byte	0x4
 1202 0062 05       		.byte	0x5
 1203 0063 696E7400 		.ascii	"int\000"
 1204 0067 02       		.uleb128 0x2
 1205 0068 04       		.byte	0x4
 1206 0069 07       		.byte	0x7
 1207 006a 36010000 		.4byte	.LASF8
 1208 006e 03       		.uleb128 0x3
 1209 006f 5A010000 		.4byte	.LASF10
 1210 0073 02       		.byte	0x2
 1211 0074 18       		.byte	0x18
 1212 0075 24000000 		.4byte	0x24
 1213 0079 05       		.uleb128 0x5
 1214 007a 91000000 		.4byte	0x91
 1215 007e 8A000000 		.4byte	0x8a
 1216 0082 06       		.uleb128 0x6
 1217 0083 8A000000 		.4byte	0x8a
 1218 0087 3304     		.2byte	0x433
 1219 0089 00       		.byte	0
 1220 008a 02       		.uleb128 0x2
 1221 008b 04       		.byte	0x4
 1222 008c 07       		.byte	0x7
 1223 008d 85010000 		.4byte	.LASF11
 1224 0091 07       		.uleb128 0x7
 1225 0092 6E000000 		.4byte	0x6e
 1226 0096 08       		.uleb128 0x8
 1227 0097 24010000 		.4byte	.LASF12
 1228 009b 03       		.byte	0x3
 1229 009c 1F       		.byte	0x1f
 1230 009d A7000000 		.4byte	0xa7
 1231 00a1 05       		.uleb128 0x5
 1232 00a2 03       		.byte	0x3
 1233 00a3 00000000 		.4byte	cy_meta_configecc
 1234 00a7 07       		.uleb128 0x7
 1235 00a8 79000000 		.4byte	0x79
 1236 00ac 05       		.uleb128 0x5
 1237 00ad 91000000 		.4byte	0x91
 1238 00b1 BC000000 		.4byte	0xbc
 1239 00b5 09       		.uleb128 0x9
 1240 00b6 8A000000 		.4byte	0x8a
 1241 00ba 03       		.byte	0x3
 1242 00bb 00       		.byte	0
 1243 00bc 08       		.uleb128 0x8
 1244 00bd 14010000 		.4byte	.LASF13
 1245 00c1 03       		.byte	0x3
 1246 00c2 B3       		.byte	0xb3
 1247 00c3 CD000000 		.4byte	0xcd
 1248 00c7 05       		.uleb128 0x5
 1249 00c8 03       		.byte	0x3
 1250 00c9 00000000 		.4byte	cy_meta_custnvl
ARM GAS  C:\Users\OLEKSA~1\AppData\Local\Temp\ccHcyLSl.s 			page 23


 1251 00cd 07       		.uleb128 0x7
 1252 00ce AC000000 		.4byte	0xac
 1253 00d2 08       		.uleb128 0x8
 1254 00d3 77010000 		.4byte	.LASF14
 1255 00d7 03       		.byte	0x3
 1256 00d8 C1       		.byte	0xc1
 1257 00d9 E3000000 		.4byte	0xe3
 1258 00dd 05       		.uleb128 0x5
 1259 00de 03       		.byte	0x3
 1260 00df 00000000 		.4byte	cy_meta_wonvl
 1261 00e3 07       		.uleb128 0x7
 1262 00e4 AC000000 		.4byte	0xac
 1263 00e8 05       		.uleb128 0x5
 1264 00e9 91000000 		.4byte	0x91
 1265 00ed F8000000 		.4byte	0xf8
 1266 00f1 09       		.uleb128 0x9
 1267 00f2 8A000000 		.4byte	0x8a
 1268 00f6 FF       		.byte	0xff
 1269 00f7 00       		.byte	0
 1270 00f8 08       		.uleb128 0x8
 1271 00f9 62010000 		.4byte	.LASF15
 1272 00fd 03       		.byte	0x3
 1273 00fe CF       		.byte	0xcf
 1274 00ff 09010000 		.4byte	0x109
 1275 0103 05       		.uleb128 0x5
 1276 0104 03       		.byte	0x3
 1277 0105 00000000 		.4byte	cy_meta_flashprotect
 1278 0109 07       		.uleb128 0x7
 1279 010a E8000000 		.4byte	0xe8
 1280 010e 05       		.uleb128 0x5
 1281 010f 91000000 		.4byte	0x91
 1282 0113 1E010000 		.4byte	0x11e
 1283 0117 09       		.uleb128 0x9
 1284 0118 8A000000 		.4byte	0x8a
 1285 011c 0B       		.byte	0xb
 1286 011d 00       		.byte	0
 1287 011e 08       		.uleb128 0x8
 1288 011f 0A000000 		.4byte	.LASF16
 1289 0123 03       		.byte	0x3
 1290 0124 FC       		.byte	0xfc
 1291 0125 2F010000 		.4byte	0x12f
 1292 0129 05       		.uleb128 0x5
 1293 012a 03       		.byte	0x3
 1294 012b 00000000 		.4byte	cy_metadata
 1295 012f 07       		.uleb128 0x7
 1296 0130 0E010000 		.4byte	0x10e
 1297 0134 00       		.byte	0
 1298              		.section	.debug_abbrev,"",%progbits
 1299              	.Ldebug_abbrev0:
 1300 0000 01       		.uleb128 0x1
 1301 0001 11       		.uleb128 0x11
 1302 0002 01       		.byte	0x1
 1303 0003 25       		.uleb128 0x25
 1304 0004 0E       		.uleb128 0xe
 1305 0005 13       		.uleb128 0x13
 1306 0006 0B       		.uleb128 0xb
 1307 0007 03       		.uleb128 0x3
ARM GAS  C:\Users\OLEKSA~1\AppData\Local\Temp\ccHcyLSl.s 			page 24


 1308 0008 0E       		.uleb128 0xe
 1309 0009 1B       		.uleb128 0x1b
 1310 000a 0E       		.uleb128 0xe
 1311 000b 10       		.uleb128 0x10
 1312 000c 17       		.uleb128 0x17
 1313 000d 00       		.byte	0
 1314 000e 00       		.byte	0
 1315 000f 02       		.uleb128 0x2
 1316 0010 24       		.uleb128 0x24
 1317 0011 00       		.byte	0
 1318 0012 0B       		.uleb128 0xb
 1319 0013 0B       		.uleb128 0xb
 1320 0014 3E       		.uleb128 0x3e
 1321 0015 0B       		.uleb128 0xb
 1322 0016 03       		.uleb128 0x3
 1323 0017 0E       		.uleb128 0xe
 1324 0018 00       		.byte	0
 1325 0019 00       		.byte	0
 1326 001a 03       		.uleb128 0x3
 1327 001b 16       		.uleb128 0x16
 1328 001c 00       		.byte	0
 1329 001d 03       		.uleb128 0x3
 1330 001e 0E       		.uleb128 0xe
 1331 001f 3A       		.uleb128 0x3a
 1332 0020 0B       		.uleb128 0xb
 1333 0021 3B       		.uleb128 0x3b
 1334 0022 0B       		.uleb128 0xb
 1335 0023 49       		.uleb128 0x49
 1336 0024 13       		.uleb128 0x13
 1337 0025 00       		.byte	0
 1338 0026 00       		.byte	0
 1339 0027 04       		.uleb128 0x4
 1340 0028 24       		.uleb128 0x24
 1341 0029 00       		.byte	0
 1342 002a 0B       		.uleb128 0xb
 1343 002b 0B       		.uleb128 0xb
 1344 002c 3E       		.uleb128 0x3e
 1345 002d 0B       		.uleb128 0xb
 1346 002e 03       		.uleb128 0x3
 1347 002f 08       		.uleb128 0x8
 1348 0030 00       		.byte	0
 1349 0031 00       		.byte	0
 1350 0032 05       		.uleb128 0x5
 1351 0033 01       		.uleb128 0x1
 1352 0034 01       		.byte	0x1
 1353 0035 49       		.uleb128 0x49
 1354 0036 13       		.uleb128 0x13
 1355 0037 01       		.uleb128 0x1
 1356 0038 13       		.uleb128 0x13
 1357 0039 00       		.byte	0
 1358 003a 00       		.byte	0
 1359 003b 06       		.uleb128 0x6
 1360 003c 21       		.uleb128 0x21
 1361 003d 00       		.byte	0
 1362 003e 49       		.uleb128 0x49
 1363 003f 13       		.uleb128 0x13
 1364 0040 2F       		.uleb128 0x2f
ARM GAS  C:\Users\OLEKSA~1\AppData\Local\Temp\ccHcyLSl.s 			page 25


 1365 0041 05       		.uleb128 0x5
 1366 0042 00       		.byte	0
 1367 0043 00       		.byte	0
 1368 0044 07       		.uleb128 0x7
 1369 0045 26       		.uleb128 0x26
 1370 0046 00       		.byte	0
 1371 0047 49       		.uleb128 0x49
 1372 0048 13       		.uleb128 0x13
 1373 0049 00       		.byte	0
 1374 004a 00       		.byte	0
 1375 004b 08       		.uleb128 0x8
 1376 004c 34       		.uleb128 0x34
 1377 004d 00       		.byte	0
 1378 004e 03       		.uleb128 0x3
 1379 004f 0E       		.uleb128 0xe
 1380 0050 3A       		.uleb128 0x3a
 1381 0051 0B       		.uleb128 0xb
 1382 0052 3B       		.uleb128 0x3b
 1383 0053 0B       		.uleb128 0xb
 1384 0054 49       		.uleb128 0x49
 1385 0055 13       		.uleb128 0x13
 1386 0056 3F       		.uleb128 0x3f
 1387 0057 19       		.uleb128 0x19
 1388 0058 02       		.uleb128 0x2
 1389 0059 18       		.uleb128 0x18
 1390 005a 00       		.byte	0
 1391 005b 00       		.byte	0
 1392 005c 09       		.uleb128 0x9
 1393 005d 21       		.uleb128 0x21
 1394 005e 00       		.byte	0
 1395 005f 49       		.uleb128 0x49
 1396 0060 13       		.uleb128 0x13
 1397 0061 2F       		.uleb128 0x2f
 1398 0062 0B       		.uleb128 0xb
 1399 0063 00       		.byte	0
 1400 0064 00       		.byte	0
 1401 0065 00       		.byte	0
 1402              		.section	.debug_aranges,"",%progbits
 1403 0000 14000000 		.4byte	0x14
 1404 0004 0200     		.2byte	0x2
 1405 0006 00000000 		.4byte	.Ldebug_info0
 1406 000a 04       		.byte	0x4
 1407 000b 00       		.byte	0
 1408 000c 0000     		.2byte	0
 1409 000e 0000     		.2byte	0
 1410 0010 00000000 		.4byte	0
 1411 0014 00000000 		.4byte	0
 1412              		.section	.debug_line,"",%progbits
 1413              	.Ldebug_line0:
 1414 0000 3D010000 		.section	.debug_str,"MS",%progbits,1
 1414      02003701 
 1414      00000201 
 1414      FB0E0D00 
 1414      01010101 
 1415              	.LASF9:
 1416 0000 5F5F7569 		.ascii	"__uint8_t\000"
 1416      6E74385F 
ARM GAS  C:\Users\OLEKSA~1\AppData\Local\Temp\ccHcyLSl.s 			page 26


 1416      7400
 1417              	.LASF16:
 1418 000a 63795F6D 		.ascii	"cy_metadata\000"
 1418      65746164 
 1418      61746100 
 1419              	.LASF19:
 1420 0016 433A5C55 		.ascii	"C:\\Users\\oleksandr\\Desktop\\PAZ\\UltrasonicRangi"
 1420      73657273 
 1420      5C6F6C65 
 1420      6B73616E 
 1420      64725C44 
 1421 0044 6E674D6F 		.ascii	"ngModule.cydsn\000"
 1421      64756C65 
 1421      2E637964 
 1421      736E00
 1422              	.LASF1:
 1423 0053 756E7369 		.ascii	"unsigned char\000"
 1423      676E6564 
 1423      20636861 
 1423      7200
 1424              	.LASF17:
 1425 0061 474E5520 		.ascii	"GNU C11 5.4.1 20160609 (release) [ARM/embedded-5-br"
 1425      43313120 
 1425      352E342E 
 1425      31203230 
 1425      31363036 
 1426 0094 616E6368 		.ascii	"anch revision 237715] -mcpu=cortex-m3 -mthumb -g -O"
 1426      20726576 
 1426      6973696F 
 1426      6E203233 
 1426      37373135 
 1427 00c7 67202D66 		.ascii	"g -ffunction-sections -ffat-lto-objects\000"
 1427      66756E63 
 1427      74696F6E 
 1427      2D736563 
 1427      74696F6E 
 1428              	.LASF5:
 1429 00ef 6C6F6E67 		.ascii	"long unsigned int\000"
 1429      20756E73 
 1429      69676E65 
 1429      6420696E 
 1429      7400
 1430              	.LASF3:
 1431 0101 73686F72 		.ascii	"short unsigned int\000"
 1431      7420756E 
 1431      7369676E 
 1431      65642069 
 1431      6E7400
 1432              	.LASF13:
 1433 0114 63795F6D 		.ascii	"cy_meta_custnvl\000"
 1433      6574615F 
 1433      63757374 
 1433      6E766C00 
 1434              	.LASF12:
 1435 0124 63795F6D 		.ascii	"cy_meta_configecc\000"
 1435      6574615F 
 1435      636F6E66 
ARM GAS  C:\Users\OLEKSA~1\AppData\Local\Temp\ccHcyLSl.s 			page 27


 1435      69676563 
 1435      6300
 1436              	.LASF8:
 1437 0136 756E7369 		.ascii	"unsigned int\000"
 1437      676E6564 
 1437      20696E74 
 1437      00
 1438              	.LASF7:
 1439 0143 6C6F6E67 		.ascii	"long long unsigned int\000"
 1439      206C6F6E 
 1439      6720756E 
 1439      7369676E 
 1439      65642069 
 1440              	.LASF10:
 1441 015a 75696E74 		.ascii	"uint8_t\000"
 1441      385F7400 
 1442              	.LASF15:
 1443 0162 63795F6D 		.ascii	"cy_meta_flashprotect\000"
 1443      6574615F 
 1443      666C6173 
 1443      6870726F 
 1443      74656374 
 1444              	.LASF14:
 1445 0177 63795F6D 		.ascii	"cy_meta_wonvl\000"
 1445      6574615F 
 1445      776F6E76 
 1445      6C00
 1446              	.LASF11:
 1447 0185 73697A65 		.ascii	"sizetype\000"
 1447      74797065 
 1447      00
 1448              	.LASF6:
 1449 018e 6C6F6E67 		.ascii	"long long int\000"
 1449      206C6F6E 
 1449      6720696E 
 1449      7400
 1450              	.LASF2:
 1451 019c 73686F72 		.ascii	"short int\000"
 1451      7420696E 
 1451      7400
 1452              	.LASF4:
 1453 01a6 6C6F6E67 		.ascii	"long int\000"
 1453      20696E74 
 1453      00
 1454              	.LASF0:
 1455 01af 7369676E 		.ascii	"signed char\000"
 1455      65642063 
 1455      68617200 
 1456              	.LASF18:
 1457 01bb 47656E65 		.ascii	"Generated_Source\\PSoC5\\cymetadata.c\000"
 1457      72617465 
 1457      645F536F 
 1457      75726365 
 1457      5C50536F 
 1458              		.ident	"GCC: (GNU Tools for ARM Embedded Processors) 5.4.1 20160609 (release) [ARM/embedded-5-bran
